[    0.000000] Linux version 4.15.0-212-generic (buildd@lcy02-amd64-083) (gcc version 7.5.0 (Ubuntu 7.5.0-3ubuntu1~18.04)) #223-Ubuntu SMP Tue May 23 13:09:22 UTC 2023 (Ubuntu 4.15.0-212.223-generic 4.15.18)
[    0.000000] Command line: BOOT_IMAGE=/boot/vmlinuz-4.15.0-212-generic root=LABEL=cloudimg-rootfs ro console=tty1 console=ttyS0
[    0.000000] KERNEL supported cpus:
[    0.000000]   Intel GenuineIntel
[    0.000000]   AMD AuthenticAMD
[    0.000000]   Centaur CentaurHauls
[    0.000000] x86/fpu: Supporting XSAVE feature 0x001: 'x87 floating point registers'
[    0.000000] x86/fpu: Supporting XSAVE feature 0x002: 'SSE registers'
[    0.000000] x86/fpu: Supporting XSAVE feature 0x004: 'AVX registers'
[    0.000000] x86/fpu: xstate_offset[2]:  576, xstate_sizes[2]:  256
[    0.000000] x86/fpu: Enabled xstate features 0x7, context size is 832 bytes, using 'standard' format.
[    0.000000] e820: BIOS-provided physical RAM map:
[    0.000000] BIOS-e820: [mem 0x0000000000000000-0x000000000009fbff] usable
[    0.000000] BIOS-e820: [mem 0x000000000009fc00-0x000000000009ffff] reserved
[    0.000000] BIOS-e820: [mem 0x00000000000f0000-0x00000000000fffff] reserved
[    0.000000] BIOS-e820: [mem 0x0000000000100000-0x000000003ffeffff] usable
[    0.000000] BIOS-e820: [mem 0x000000003fff0000-0x000000003fffffff] ACPI data
[    0.000000] BIOS-e820: [mem 0x00000000fec00000-0x00000000fec00fff] reserved
[    0.000000] BIOS-e820: [mem 0x00000000fee00000-0x00000000fee00fff] reserved
[    0.000000] BIOS-e820: [mem 0x00000000fffc0000-0x00000000ffffffff] reserved
[    0.000000] NX (Execute Disable) protection: active
[    0.000000] SMBIOS 2.5 present.
[    0.000000] DMI: innotek GmbH VirtualBox/VirtualBox, BIOS VirtualBox 12/01/2006
[    0.000000] Hypervisor detected: KVM
[    0.000000] e820: last_pfn = 0x3fff0 max_arch_pfn = 0x400000000
[    0.000000] MTRR: Disabled
[    0.000000] x86/PAT: MTRRs disabled, skipping PAT initialization too.
[    0.000000] CPU MTRRs all blank - virtualized system.
[    0.000000] x86/PAT: Configuration [0-7]: WB  WT  UC- UC  WB  WT  UC- UC  
[    0.000000] found SMP MP-table at [mem 0x0009fff0-0x0009ffff]
[    0.000000] Scanning 1 areas for low memory corruption
[    0.000000] RAMDISK: [mem 0x359cb000-0x36cdcfff]
[    0.000000] ACPI: Early table checksum verification disabled
[    0.000000] ACPI: RSDP 0x00000000000E0000 000024 (v02 VBOX  )
[    0.000000] ACPI: XSDT 0x000000003FFF0030 00003C (v01 VBOX   VBOXXSDT 00000001 ASL  00000061)
[    0.000000] ACPI: FACP 0x000000003FFF00F0 0000F4 (v04 VBOX   VBOXFACP 00000001 ASL  00000061)
[    0.000000] ACPI: DSDT 0x000000003FFF0470 002325 (v02 VBOX   VBOXBIOS 00000002 INTL 20200925)
[    0.000000] ACPI: FACS 0x000000003FFF0200 000040
[    0.000000] ACPI: FACS 0x000000003FFF0200 000040
[    0.000000] ACPI: APIC 0x000000003FFF0240 00005C (v02 VBOX   VBOXAPIC 00000001 ASL  00000061)
[    0.000000] ACPI: SSDT 0x000000003FFF02A0 0001CC (v01 VBOX   VBOXCPUT 00000002 INTL 20200925)
[    0.000000] ACPI: Reserving FACP table memory at [mem 0x3fff00f0-0x3fff01e3]
[    0.000000] ACPI: Reserving DSDT table memory at [mem 0x3fff0470-0x3fff2794]
[    0.000000] ACPI: Reserving FACS table memory at [mem 0x3fff0200-0x3fff023f]
[    0.000000] ACPI: Reserving FACS table memory at [mem 0x3fff0200-0x3fff023f]
[    0.000000] ACPI: Reserving APIC table memory at [mem 0x3fff0240-0x3fff029b]
[    0.000000] ACPI: Reserving SSDT table memory at [mem 0x3fff02a0-0x3fff046b]
[    0.000000] No NUMA configuration found
[    0.000000] Faking a node at [mem 0x0000000000000000-0x000000003ffeffff]
[    0.000000] NODE_DATA(0) allocated [mem 0x3ffc5000-0x3ffeffff]
[    0.000000] kvm-clock: cpu 0, msr 0:3ff44001, primary cpu clock
[    0.000000] kvm-clock: Using msrs 4b564d01 and 4b564d00
[    0.000000] kvm-clock: using sched offset of 3117263684 cycles
[    0.000000] clocksource: kvm-clock: mask: 0xffffffffffffffff max_cycles: 0x1cd42e4dffb, max_idle_ns: 881590591483 ns
[    0.000000] Zone ranges:
[    0.000000]   DMA      [mem 0x0000000000001000-0x0000000000ffffff]
[    0.000000]   DMA32    [mem 0x0000000001000000-0x000000003ffeffff]
[    0.000000]   Normal   empty
[    0.000000]   Device   empty
[    0.000000] Movable zone start for each node
[    0.000000] Early memory node ranges
[    0.000000]   node   0: [mem 0x0000000000001000-0x000000000009efff]
[    0.000000]   node   0: [mem 0x0000000000100000-0x000000003ffeffff]
[    0.000000] Reserved but unavailable: 104 pages
[    0.000000] Initmem setup node 0 [mem 0x0000000000001000-0x000000003ffeffff]
[    0.000000] ACPI: PM-Timer IO Port: 0x4008
[    0.000000] IOAPIC[0]: apic_id 2, version 32, address 0xfec00000, GSI 0-23
[    0.000000] ACPI: INT_SRC_OVR (bus 0 bus_irq 0 global_irq 2 dfl dfl)
[    0.000000] ACPI: INT_SRC_OVR (bus 0 bus_irq 9 global_irq 9 low level)
[    0.000000] Using ACPI (MADT) for SMP configuration information
[    0.000000] smpboot: Allowing 2 CPUs, 0 hotplug CPUs
[    0.000000] PM: Registered nosave memory: [mem 0x00000000-0x00000fff]
[    0.000000] PM: Registered nosave memory: [mem 0x0009f000-0x0009ffff]
[    0.000000] PM: Registered nosave memory: [mem 0x000a0000-0x000effff]
[    0.000000] PM: Registered nosave memory: [mem 0x000f0000-0x000fffff]
[    0.000000] e820: [mem 0x40000000-0xfebfffff] available for PCI devices
[    0.000000] Booting paravirtualized kernel on KVM
[    0.000000] clocksource: refined-jiffies: mask: 0xffffffff max_cycles: 0xffffffff, max_idle_ns: 7645519600211568 ns
[    0.000000] setup_percpu: NR_CPUS:8192 nr_cpumask_bits:2 nr_cpu_ids:2 nr_node_ids:1
[    0.000000] percpu: Embedded 50 pages/cpu s167936 r8192 d28672 u1048576
[    0.000000] PV qspinlock hash table entries: 256 (order: 0, 4096 bytes)
[    0.000000] Built 1 zonelists, mobility grouping on.  Total pages: 257913
[    0.000000] Policy zone: DMA32
[    0.000000] Kernel command line: BOOT_IMAGE=/boot/vmlinuz-4.15.0-212-generic root=LABEL=cloudimg-rootfs ro console=tty1 console=ttyS0
[    0.000000] Memory: 982644K/1048120K available (12300K kernel code, 2477K rwdata, 4324K rodata, 2480K init, 2720K bss, 65476K reserved, 0K cma-reserved)
[    0.000000] SLUB: HWalign=64, Order=0-3, MinObjects=0, CPUs=2, Nodes=1
[    0.000000] Kernel/User page tables isolation: enabled
[    0.000000] ftrace: allocating 39508 entries in 155 pages
[    0.004000] Hierarchical RCU implementation.
[    0.004000] 	RCU restricting CPUs from NR_CPUS=8192 to nr_cpu_ids=2.
[    0.004000] 	Tasks RCU enabled.
[    0.004000] RCU: Adjusting geometry for rcu_fanout_leaf=16, nr_cpu_ids=2
[    0.004000] NR_IRQS: 524544, nr_irqs: 440, preallocated irqs: 16
[    0.004000] random: crng init done
[    0.004000] Console: colour VGA+ 80x25
[    0.004000] console [tty1] enabled
[    0.004000] console [ttyS0] enabled
[    0.004000] ACPI: Core revision 20170831
[    0.004000] ACPI: 2 ACPI AML tables successfully acquired and loaded
[    0.004000] APIC: Switch to symmetric I/O mode setup
[    0.004000] x2apic enabled
[    0.004000] Switched APIC routing to physical x2apic.
[    0.004000] ..TIMER: vector=0x30 apic1=0 pin1=2 apic2=-1 pin2=-1
[    0.004000] tsc: Detected 1992.002 MHz processor
[    0.004000] Calibrating delay loop (skipped) preset value.. 3984.00 BogoMIPS (lpj=7968008)
[    0.004004] pid_max: default: 32768 minimum: 301
[    0.004556] Security Framework initialized
[    0.005070] Yama: becoming mindful.
[    0.005503] AppArmor: AppArmor initialized
[    0.006728] Dentry cache hash table entries: 131072 (order: 8, 1048576 bytes)
[    0.008087] Inode-cache hash table entries: 65536 (order: 7, 524288 bytes)
[    0.008890] Mount-cache hash table entries: 2048 (order: 2, 16384 bytes)
[    0.009640] Mountpoint-cache hash table entries: 2048 (order: 2, 16384 bytes)
[    0.010715] Last level iTLB entries: 4KB 64, 2MB 8, 4MB 8
[    0.012002] Last level dTLB entries: 4KB 64, 2MB 0, 4MB 0, 1GB 4
[    0.012674] Spectre V1 : Mitigation: usercopy/swapgs barriers and __user pointer sanitization
[    0.013628] Spectre V2 : Mitigation: Retpolines
[    0.014155] Spectre V2 : Spectre v2 / SpectreRSB mitigation: Filling RSB on context switch
[    0.015082] Spectre V2 : Spectre v2 / SpectreRSB : Filling RSB on VMEXIT
[    0.015831] RETBleed: WARNING: Spectre v2 mitigation leaves CPU vulnerable to RETBleed attacks, data leaks possible!
[    0.016001] RETBleed: Vulnerable
[    0.016396] Speculative Store Bypass: Vulnerable
[    0.017010] MDS: Mitigation: Clear CPU buffers
[    0.017530] MMIO Stale Data: Mitigation: Clear CPU buffers
[    0.018161] SRBDS: Unknown: Dependent on hypervisor status
[    0.018917] Freeing SMP alternatives memory: 36K
[    0.126669] smpboot: CPU0: Intel(R) Core(TM) i7-8565U CPU @ 1.80GHz (family: 0x6, model: 0x8e, stepping: 0xc)
[    0.127889] Performance Events: unsupported p6 CPU model 142 no PMU driver, software events only.
[    0.128000] Hierarchical SRCU implementation.
[    0.128000] NMI watchdog: Perf event create on CPU 0 failed with -2
[    0.128000] NMI watchdog: Perf NMI watchdog permanently disabled
[    0.128035] smp: Bringing up secondary CPUs ...
[    0.128661] x86: Booting SMP configuration:
[    0.129157] .... node  #0, CPUs:      #1
[    0.004000] kvm-clock: cpu 1, msr 0:3ff44041, secondary cpu clock
[    0.132015] smp: Brought up 1 node, 2 CPUs
[    0.132542] smpboot: Max logical packages: 1
[    0.133047] smpboot: Total of 2 processors activated (7968.00 BogoMIPS)
[    0.133870] devtmpfs: initialized
[    0.133870] x86/mm: Memory block size: 128MB
[    0.136049] evm: security.selinux
[    0.136458] evm: security.SMACK64
[    0.136860] evm: security.SMACK64EXEC
[    0.137314] evm: security.SMACK64TRANSMUTE
[    0.137797] evm: security.SMACK64MMAP
[    0.138231] evm: security.apparmor
[    0.138639] evm: security.ima
[    0.139008] evm: security.capability
[    0.139458] clocksource: jiffies: mask: 0xffffffff max_cycles: 0xffffffff, max_idle_ns: 7645041785100000 ns
[    0.140007] futex hash table entries: 512 (order: 3, 32768 bytes)
[    0.140754] pinctrl core: initialized pinctrl subsystem
[    0.141809] RTC time: 12:19:35, date: 06/03/24
[    0.142458] NET: Registered protocol family 16
[    0.143024] audit: initializing netlink subsys (disabled)
[    0.144018] audit: type=2000 audit(1717417179.738:1): state=initialized audit_enabled=0 res=1
[    0.144084] cpuidle: using governor ladder
[    0.144492] cpuidle: using governor menu
[    0.144991] ACPI: bus type PCI registered
[    0.145469] acpiphp: ACPI Hot Plug PCI Controller Driver version: 0.5
[    0.146248] PCI: Using configuration type 1 for base access
[    0.148736] HugeTLB registered 2.00 MiB page size, pre-allocated 0 pages
[    0.149882] ACPI: Added _OSI(Module Device)
[    0.149882] ACPI: Added _OSI(Processor Device)
[    0.152006] ACPI: Added _OSI(3.0 _SCP Extensions)
[    0.152545] ACPI: Added _OSI(Processor Aggregator Device)
[    0.153244] ACPI: Added _OSI(Linux-Dell-Video)
[    0.153809] ACPI: Added _OSI(Linux-Lenovo-NV-HDMI-Audio)
[    0.154409] ACPI: Added _OSI(Linux-HPI-Hybrid-Graphics)
[    0.156196] ACPI: Executed 1 blocks of module-level executable AML code
[    0.159261] ACPI: Interpreter enabled
[    0.159737] ACPI: (supports S0 S5)
[    0.160002] ACPI: Using IOAPIC for interrupt routing
[    0.160762] PCI: Using host bridge windows from ACPI; if necessary, use "pci=nocrs" and report a bug
[    0.161908] ACPI: Enabled 2 GPEs in block 00 to 07
[    0.166875] ACPI: PCI Root Bridge [PCI0] (domain 0000 [bus 00-ff])
[    0.167618] acpi PNP0A03:00: _OSC: OS supports [ASPM ClockPM Segments MSI]
[    0.168357] acpi PNP0A03:00: _OSC: not requesting OS control; OS requires [ExtendedConfig ASPM ClockPM MSI]
[    0.169452] acpi PNP0A03:00: fail to add MMCONFIG information, can't access extended PCI configuration space under this bridge.
[    0.171083] PCI host bridge to bus 0000:00
[    0.172002] pci_bus 0000:00: root bus resource [io  0x0000-0x0cf7 window]
[    0.172906] pci_bus 0000:00: root bus resource [io  0x0d00-0xffff window]
[    0.173678] pci_bus 0000:00: root bus resource [mem 0x000a0000-0x000bffff window]
[    0.174574] pci_bus 0000:00: root bus resource [mem 0x40000000-0xfdffffff window]
[    0.175425] pci_bus 0000:00: root bus resource [bus 00-ff]
[    0.177286] pci 0000:00:01.1: legacy IDE quirk: reg 0x10: [io  0x01f0-0x01f7]
[    0.178084] pci 0000:00:01.1: legacy IDE quirk: reg 0x14: [io  0x03f6]
[    0.178815] pci 0000:00:01.1: legacy IDE quirk: reg 0x18: [io  0x0170-0x0177]
[    0.179604] pci 0000:00:01.1: legacy IDE quirk: reg 0x1c: [io  0x0376]
[    0.192948] pci 0000:00:07.0: quirk: [io  0x4000-0x403f] claimed by PIIX4 ACPI
[    0.193873] pci 0000:00:07.0: quirk: [io  0x4100-0x410f] claimed by PIIX4 SMB
[    0.200801] ACPI: PCI Interrupt Link [LNKA] (IRQs 5 9 10 *11)
[    0.201749] ACPI: PCI Interrupt Link [LNKB] (IRQs 5 9 *10 11)
[    0.202539] ACPI: PCI Interrupt Link [LNKC] (IRQs 5 *9 10 11)
[    0.203258] ACPI: PCI Interrupt Link [LNKD] (IRQs 5 9 10 *11)
[    0.204193] SCSI subsystem initialized
[    0.204695] pci 0000:00:02.0: vgaarb: setting as boot VGA device
[    0.204763] pci 0000:00:02.0: vgaarb: VGA device added: decodes=io+mem,owns=io+mem,locks=none
[    0.205720] pci 0000:00:02.0: vgaarb: bridge control possible
[    0.206360] vgaarb: loaded
[    0.206787] ACPI: bus type USB registered
[    0.208022] usbcore: registered new interface driver usbfs
[    0.208680] usbcore: registered new interface driver hub
[    0.209329] usbcore: registered new device driver usb
[    0.209940] EDAC MC: Ver: 3.0.0
[    0.209940] PCI: Using ACPI for IRQ routing
[    0.209940] NetLabel: Initializing
[    0.212008] NetLabel:  domain hash size = 128
[    0.212531] NetLabel:  protocols = UNLABELED CIPSOv4 CALIPSO
[    0.213312] NetLabel:  unlabeled traffic allowed by default
[    0.214087] clocksource: Switched to clocksource kvm-clock
[    0.220584] VFS: Disk quotas dquot_6.6.0
[    0.221130] VFS: Dquot-cache hash table entries: 512 (order 0, 4096 bytes)
[    0.222002] AppArmor: AppArmor Filesystem Enabled
[    0.222571] pnp: PnP ACPI init
[    0.223633] pnp: PnP ACPI: found 3 devices
[    0.231004] clocksource: acpi_pm: mask: 0xffffff max_cycles: 0xffffff, max_idle_ns: 2085701024 ns
[    0.232009] NET: Registered protocol family 2
[    0.232660] IP idents hash table entries: 16384 (order: 5, 131072 bytes)
[    0.233990] TCP established hash table entries: 8192 (order: 4, 65536 bytes)
[    0.234859] TCP bind hash table entries: 8192 (order: 5, 131072 bytes)
[    0.235601] TCP: Hash tables configured (established 8192 bind 8192)
[    0.236342] UDP hash table entries: 512 (order: 2, 16384 bytes)
[    0.237059] UDP-Lite hash table entries: 512 (order: 2, 16384 bytes)
[    0.237791] NET: Registered protocol family 1
[    0.238313] pci 0000:00:00.0: Limiting direct PCI/PCI transfers
[    0.239011] pci 0000:00:01.0: Activating ISA DMA hang workarounds
[    0.239726] pci 0000:00:02.0: Video device with shadowed ROM at [mem 0x000c0000-0x000dffff]
[    0.240757] Unpacking initramfs...
[    0.461110] Freeing initrd memory: 19528K
[    0.461727] clocksource: tsc: mask: 0xffffffffffffffff max_cycles: 0x396d566cf43, max_idle_ns: 881590760263 ns
[    0.462881] platform rtc_cmos: registered platform RTC device (no PNP device found)
[    0.463781] Scanning for low memory corruption every 60 seconds
[    0.465041] Initialise system trusted keyrings
[    0.465586] Key type blacklist registered
[    0.466144] workingset: timestamp_bits=36 max_order=18 bucket_order=0
[    0.467560] zbud: loaded
[    0.468295] squashfs: version 4.0 (2009/01/31) Phillip Lougher
[    0.469124] fuse init (API version 7.26)
[    0.470897] Key type asymmetric registered
[    0.471384] Asymmetric key parser 'x509' registered
[    0.471962] Block layer SCSI generic (bsg) driver version 0.4 loaded (major 246)
[    0.472878] io scheduler noop registered
[    0.473416] io scheduler deadline registered
[    0.473930] io scheduler cfq registered (default)
[    0.474699] ACPI: AC Adapter [AC] (on-line)
[    0.475240] input: Power Button as /devices/LNXSYSTM:00/LNXPWRBN:00/input/input0
[    0.476190] ACPI: Power Button [PWRF]
[    0.476684] input: Sleep Button as /devices/LNXSYSTM:00/LNXSLPBN:00/input/input1
[    0.477868] ACPI: Sleep Button [SLPF]
[    0.479342] ACPI: Battery Slot [BAT0] (battery present)
[    0.480121] Serial: 8250/16550 driver, 32 ports, IRQ sharing enabled
[    0.501408] 00:02: ttyS0 at I/O 0x3f8 (irq = 4, base_baud = 115200) is a 16550A
[    0.503950] Linux agpgart interface v0.103
[    0.506019] loop: module loaded
[    0.506801] scsi host0: ata_piix
[    0.507272] scsi host1: ata_piix
[    0.507689] ata1: PATA max UDMA/33 cmd 0x1f0 ctl 0x3f6 bmdma 0xd000 irq 14
[    0.508557] ata2: PATA max UDMA/33 cmd 0x170 ctl 0x376 bmdma 0xd008 irq 15
[    0.509384] tun: Universal TUN/TAP device driver, 1.6
[    0.510052] PPP generic driver version 2.4.2
[    0.510617] ehci_hcd: USB 2.0 'Enhanced' Host Controller (EHCI) Driver
[    0.511352] ehci-pci: EHCI PCI platform driver
[    0.511966] ehci-platform: EHCI generic platform driver
[    0.512622] ohci_hcd: USB 1.1 'Open' Host Controller (OHCI) Driver
[    0.513334] ohci-pci: OHCI PCI platform driver
[    0.513868] ohci-platform: OHCI generic platform driver
[    0.514470] uhci_hcd: USB Universal Host Controller Interface driver
[    0.515233] i8042: PNP: PS/2 Controller [PNP0303:PS2K,PNP0f03:PS2M] at 0x60,0x64 irq 1,12
[    0.516542] serio: i8042 KBD port at 0x60,0x64 irq 1
[    0.517130] serio: i8042 AUX port at 0x60,0x64 irq 12
[    0.517845] mousedev: PS/2 mouse device common for all mice
[    0.518894] rtc_cmos rtc_cmos: rtc core: registered rtc_cmos as rtc0
[    0.519689] input: AT Translated Set 2 keyboard as /devices/platform/i8042/serio0/input/input2
[    0.520728] rtc_cmos rtc_cmos: alarms up to one day, 114 bytes nvram
[    0.521444] i2c /dev entries driver
[    0.521931] device-mapper: uevent: version 1.0.3
[    0.522502] device-mapper: ioctl: 4.37.0-ioctl (2017-09-20) initialised: dm-devel@redhat.com
[    0.523550] ledtrig-cpu: registered to indicate activity on CPUs
[    0.524489] NET: Registered protocol family 10
[    0.527728] Segment Routing with IPv6
[    0.528260] NET: Registered protocol family 17
[    0.528835] Key type dns_resolver registered
[    0.529487] mce: Using 0 MCE banks
[    0.529909] RAS: Correctable Errors collector initialized.
[    0.530544] sched_clock: Marking stable (529434620, 0)->(639273259, -109838639)
[    0.531623] registered taskstats version 1
[    0.532185] Loading compiled-in X.509 certificates
[    0.534850] Loaded X.509 cert 'Build time autogenerated kernel key: b5b26778eaa3ab3a4a6cee031137706e947d12ad'
[    0.536379] Loaded X.509 cert 'Canonical Ltd. Live Patch Signing: 14df34d1a87cf37625abec039ef2bf521249b969'
[    0.537872] Loaded X.509 cert 'Canonical Ltd. Kernel Module Signing: 88f752e560a1e0737e31163a466ad7b70a850c19'
[    0.538996] blacklist: Loading compiled-in revocation X.509 certificates
[    0.539794] Loaded X.509 cert 'Canonical Ltd. Secure Boot Signing: 61482aa2830d0ab2ad5af10b7250da9033ddcef0'
[    0.540939] Loaded X.509 cert 'Canonical Ltd. Secure Boot Signing (2017): 242ade75ac4a15e50d50c84b0d45ff3eae707a03'
[    0.542154] Loaded X.509 cert 'Canonical Ltd. Secure Boot Signing (ESM 2018): 365188c1d374d6b07c3c8f240f8ef722433d6a8b'
[    0.543354] Loaded X.509 cert 'Canonical Ltd. Secure Boot Signing (2019): c0746fd6c5da3ae827864651ad66ae47fe24b3e8'
[    0.544596] Loaded X.509 cert 'Canonical Ltd. Secure Boot Signing (2021 v1): a8d54bbb3825cfb94fa13c9f8a594a195c107b8d'
[    0.545806] Loaded X.509 cert 'Canonical Ltd. Secure Boot Signing (2021 v2): 4cf046892d6fd3c9a5b03f98d845f90851dc6a8c'
[    0.547001] Loaded X.509 cert 'Canonical Ltd. Secure Boot Signing (2021 v3): 100437bb6de6e469b581e61cd66bce3ef4ed53af'
[    0.548217] Loaded X.509 cert 'Canonical Ltd. Secure Boot Signing (Ubuntu Core 2019): c1d57b8f6b743f23ee41f4f7ee292f06eecadfb9'
[    0.549491] zswap: loaded using pool lzo/zbud
[    0.552584] Key type big_key registered
[    0.553043] Key type trusted registered
[    0.554608] Key type encrypted registered
[    0.555134] AppArmor: AppArmor sha1 policy hashing enabled
[    0.555755] ima: No TPM chip found, activating TPM-bypass! (rc=-19)
[    0.556477] ima: Allocated hash algorithm: sha1
[    0.557009] evm: HMAC attrs: 0x1
[    0.557568]   Magic number: 12:766:328
[    0.558167] rtc_cmos rtc_cmos: setting system clock to 2024-06-03 12:19:35 UTC (1717417175)
[    0.559266] BIOS EDD facility v0.16 2004-Jun-25, 0 devices found
[    0.559960] EDD information not available.
[    0.705675] Freeing unused kernel image memory: 2480K
[    0.716050] Write protecting the kernel read-only data: 20480k
[    0.718433] Freeing unused kernel image memory: 2008K
[    0.720131] Freeing unused kernel image memory: 1820K
[    0.731975] x86/mm: Checked W+X mappings: passed, no W+X pages found.
[    0.733086] x86/mm: Checking user space page tables
[    0.741408] x86/mm: Checked W+X mappings: passed, no W+X pages found.
Loading, please wait...
starting version 237
[    0.789776] e1000: Intel(R) PRO/1000 Network Driver - version 7.3.21-k8-NAPI
[    0.790795] e1000: Copyright (c) 1999-2006 Intel Corporation.
[    0.796850] Fusion MPT base driver 3.04.20
[    0.797386] Copyright (c) 1999-2008 LSI Corporation
[    0.800196] Fusion MPT SPI Host driver 3.04.20
[    0.818991] AVX2 version of gcm_enc/dec engaged.
[    0.819690] AES CTR mode by8 optimization enabled
[    1.005170] input: ImExPS/2 Generic Explorer Mouse as /devices/platform/i8042/serio1/input/input4
[    1.140599] e1000 0000:00:03.0 eth0: (PCI:33MHz:32-bit) 02:3b:7b:b7:3b:2d
[    1.141573] e1000 0000:00:03.0 eth0: Intel(R) PRO/1000 Network Connection
[    1.143253] mptbase: ioc0: Initiating bringup
[    1.240885] ioc0: LSI53C1030 A0: Capabilities={Initiator}
[    1.491485] scsi host2: ioc0: LSI53C1030 A0, FwRev=00000000h, Ports=1, MaxQ=256, IRQ=20
[    1.670384] scsi 2:0:0:0: Direct-Access     VBOX     HARDDISK         1.0  PQ: 0 ANSI: 5
[    1.832087] scsi target2:0:0: Beginning Domain Validation
[    1.833933] scsi target2:0:0: Domain Validation skipping write tests
[    1.834728] scsi target2:0:0: Ending Domain Validation
[    1.835401] scsi target2:0:0: asynchronous
[    1.836214] scsi 2:0:1:0: Direct-Access     VBOX     HARDDISK         1.0  PQ: 0 ANSI: 5
[    2.040090] scsi target2:0:1: Beginning Domain Validation
[    2.041600] scsi target2:0:1: Domain Validation skipping write tests
[    2.042327] scsi target2:0:1: Ending Domain Validation
[    2.042973] scsi target2:0:1: asynchronous
[    2.043573] e1000 0000:00:08.0 eth1: (PCI:33MHz:32-bit) 08:00:27:77:87:d0
[    2.044478] e1000 0000:00:08.0 eth1: Intel(R) PRO/1000 Network Connection
[    2.046130] sd 2:0:0:0: Attached scsi generic sg0 type 0
[    2.046868] sd 2:0:0:0: [sda] 83886080 512-byte logical blocks: (42.9 GB/40.0 GiB)
[    2.047110] sd 2:0:1:0: Attached scsi generic sg1 type 0
[    2.048527] sd 2:0:0:0: [sda] Write Protect is off
[    2.049195] sd 2:0:1:0: [sdb] 20480 512-byte logical blocks: (10.5 MB/10.0 MiB)
[    2.050088] sd 2:0:0:0: [sda] Incomplete mode parameter data
[    2.050810] sd 2:0:0:0: [sda] Assuming drive cache: write through
[    2.051511] sd 2:0:1:0: [sdb] Write Protect is off
[    2.052371] sd 2:0:1:0: [sdb] Incomplete mode parameter data
[    2.053017] sd 2:0:1:0: [sdb] Assuming drive cache: write through
[    2.054703]  sda: sda1
[    2.055788] sd 2:0:0:0: [sda] Attached SCSI disk
[    2.056446] sd 2:0:1:0: [sdb] Attached SCSI disk
[    2.057619] e1000 0000:00:03.0 enp0s3: renamed from eth0
[    2.072540] e1000 0000:00:08.0 enp0s8: renamed from eth1
Begin: Loading essential drivers ... [    3.516045] raid6: sse2x1   gen() 13934 MB/s
[    3.564049] raid6: sse2x1   xor()  8152 MB/s
[    3.612042] raid6: sse2x2   gen() 17185 MB/s
[    3.660010] raid6: sse2x2   xor() 10992 MB/s
[    3.708048] raid6: sse2x4   gen() 18446 MB/s
[    3.756050] raid6: sse2x4   xor() 10806 MB/s
[    3.804029] raid6: avx2x1   gen() 27342 MB/s
[    3.852040] raid6: avx2x1   xor() 16333 MB/s
[    3.900044] raid6: avx2x2   gen() 32563 MB/s
[    3.948043] raid6: avx2x2   xor() 21414 MB/s
[    3.996040] raid6: avx2x4   gen() 36351 MB/s
[    4.044064] raid6: avx2x4   xor() 22138 MB/s
[    4.044601] raid6: using algorithm avx2x4 gen() 36351 MB/s
[    4.045245] raid6: .... xor() 22138 MB/s, rmw enabled
[    4.045820] raid6: using avx2x2 recovery algorithm
[    4.047192] xor: automatically using best checksumming function   avx       
[    4.048903] async_tx: api initialized (async)
done.
Begin: Running /scripts/init-premount ... done.
Begin: Mounting root file system ... Begin: Running /scripts/local-top ... done.
Begin: Running /scripts/local-premount ... [    4.083294] Btrfs loaded, crc32c=crc32c-intel
Scanning for Btrfs filesystems
done.
Warning: fsck not present, so skipping root file system
[    4.102800] EXT4-fs (sda1): mounted filesystem with ordered data mode. Opts: (null)
done.
Begin: Running /scripts/local-bottom ... done.
Begin: Running /scripts/init-bottom ... done.
[    4.270137] ip_tables: (C) 2000-2006 Netfilter Core Team
[    4.275444] systemd[1]: systemd 237 running in system mode. (+PAM +AUDIT +SELINUX +IMA +APPARMOR +SMACK +SYSVINIT +UTMP +LIBCRYPTSETUP +GCRYPT +GNUTLS +ACL +XZ +LZ4 +SECCOMP +BLKID +ELFUTILS +KMOD -IDN2 +IDN -PCRE2 default-hierarchy=hybrid)
[    4.277812] systemd[1]: Detected virtualization oracle.
[    4.278418] systemd[1]: Detected architecture x86-64.

Welcome to [1mUbuntu 18.04.6 LTS[0m!

[    4.282616] systemd[1]: Set hostname to <ubuntu>.
[    4.284546] systemd[1]: Initializing machine ID from random generator.
[    4.285292] systemd[1]: Installed transient /etc/machine-id file.
[    4.433319] systemd[1]: Created slice System Slice.
[[0;32m  OK  [0m] Created slice System Slice.
[    4.434690] systemd[1]: Listening on udev Kernel Socket.
[[0;32m  OK  [0m] Listening on udev Kernel Socket.
[    4.436259] systemd[1]: Created slice system-serial\x2dgetty.slice.
[[0;32m  OK  [0m] Created slice system-serial\x2dgetty.slice.
[    4.437836] systemd[1]: Listening on /dev/initctl Compatibility Named Pipe.
[[0;32m  OK  [0m] Listening on /dev/initctl Compatibility Named Pipe.
[[0;32m  OK  [0m] Listening on Journal Socket.
         Starting Set the console keyboard layout...
[[0;32m  OK  [0m] Reached target User and Group Name Lookups.
[[0;32m  OK  [0m] Listening on Journal Socket (/dev/log).
[[0;32m  OK  [0m] Listening on LVM2 poll daemon socket.
[[0;32m  OK  [0m] Listening on Network Service Netlink Socket.
[[0;32m  OK  [0m] Reached target System Time Synchronized.
         Starting Load Kernel Modules...
[[0;32m  OK  [0m] Listening on LVM2 metadata daemon socket.
[[0;32m  OK  [0m] Listening on Syslog Socket.
         Mounting POSIX Message Queue File System...
[[0;32m  OK  [0m] Reached target Swap.
[[0;32m  OK  [0m] Listening on Journal Audit Socket.
         Starting Journal Service...
[[0;32m  OK  [0m] Started Forward Password Requests to Wall Directory Watch.
[[0;32m  OK  [0m] Reached target Mounting snaps.
[[0;32m  OK  [0m] Reached target Mounted snaps.
         Starting Create list of required st…ce nodes for the current kernel...
[[0;32m  OK  [0m] Created slice User and Session Slice.
[[0;32m  OK  [0m] Reached target Slices.
[[0;32m  OK  [0m] Listening on fsck to fsckd communication Socket.
         Starting File System Check on Root Device...
[[0;32m  OK  [0m] Listening on udev Control Socket.
         Starting udev Coldplug all Devices...
[[0;32m  OK  [0m] Listening on Device-mapper event daemon FIFOs.
         Starting Monitoring of LVM2 mirrors…ng dmeventd or progress polling...
[    4.540993] Loading iSCSI transport class v2.0-870.
         Starting Uncomplicated firewall...
         Mounting Kernel Debug File System...
[[0;32m  OK  [0m] Set up automount Arbitrary Executab…rmats File System Automount Point.
[    4.548359] iscsi: registered transport (tcp)
[    4.561368] iscsi: registered transport (iser)
         Mounting Huge Pages File System...
[[0;32m  OK  [0m] Started Journal Service.
[[0;32m  OK  [0m] Started Load Kernel Modules.
[[0;32m  OK  [0m] Mounted POSIX Message Queue File System.
[[0;32m  OK  [0m] Started Create list of required sta…vice nodes for the current kernel.
[[0;32m  OK  [0m] Started Uncomplicated firewall.
[[0;32m  OK  [0m] Mounted Kernel Debug File System.
[[0;32m  OK  [0m] Mounted Huge Pages File System.
[[0;32m  OK  [0m] Started LVM2 metadata daemon.
[[0;32m  OK  [0m] Started File System Check Daemon to report status.
         Starting Create Static Device Nodes in /dev...
         Mounting Kernel Configuration File System...
         Mounting FUSE Control File System...
         Starting Apply Kernel Variables...
[[0;32m  OK  [0m] Mounted FUSE Control File System.
[[0;32m  OK  [0m] Mounted Kernel Configuration File System.
[[0;32m  OK  [0m] Started udev Coldplug all Devices.
[[0;32m  OK  [0m] Started Create Static Device Nodes in /dev.
[[0;32m  OK  [0m] Started File System Check on Root Device.
         Starting Remount Root and Kernel File Systems...
[[0;32m  OK  [0m] Started Monitoring of LVM2 mirrors,…sing dmeventd or progress polling.
[[0;32m  OK  [0m] Started Apply Kernel Variables.
[[0;32m  OK  [0m] Started Remount Root and Kernel File Systems.
         Starting Load/Save Random Seed...
         Starting Flush Journal to Persistent Storage...
         Starting udev Kernel Device Manager...
[[0;32m  OK  [0m] Started Load/Save Random Seed.
[[0;32m  OK  [0m] Started udev Kernel Device Manager.
[[0;32m  OK  [0m] Started Flush Journal to Persistent Storage.
[[0;32m  OK  [0m] Found device /dev/ttyS0.
[[0;32m  OK  [0m] Listening on Load/Save RF Kill Switch Status /dev/rfkill Watch.
         Mounting Arbitrary Executable File Formats File System...
[[0;32m  OK  [0m] Mounted Arbitrary Executable File Formats File System.
[[0;32m  OK  [0m] Started Set the console keyboard layout.
[[0;32m  OK  [0m] Started Dispatch Password Requests to Console Directory Watch.
[[0;32m  OK  [0m] Reached target Local Encrypted Volumes.
[[0;32m  OK  [0m] Reached target Local File Systems (Pre).
[[0;32m  OK  [0m] Reached target Local File Systems.
         Starting Commit a transient machine-id on disk...
         Starting ebtables ruleset management...
         Starting Create Volatile Files and Directories...
         Starting AppArmor initialization...
         Starting Tell Plymouth To Write Out Runtime Data...
         Starting Set console font and keymap...
[[0;32m  OK  [0m] Started Tell Plymouth To Write Out Runtime Data.
[[0;32m  OK  [0m] Started Create Volatile Files and Directories.
         Starting Update UTMP about System Boot/Shutdown...
[[0;32m  OK  [0m] Started Update UTMP about System Boot/Shutdown.
[[0;32m  OK  [0m] Started Commit a transient machine-id on disk.
[[0;32m  OK  [0m] Started ebtables ruleset management.
[[0;32m  OK  [0m] Started AppArmor initialization.
         Starting Load AppArmor profiles managed internally by snapd...
         Starting Initial cloud-init job (pre-networking)...
[[0;32m  OK  [0m] Started Load AppArmor profiles managed internally by snapd.
[[0;32m  OK  [0m] Started Set console font and keymap.
[    6.829176] cloud-init[777]: Cloud-init v. 23.1.2-0ubuntu0~18.04.1 running 'init-local' at Mon, 03 Jun 2024 12:19:41 +0000. Up 6.59 seconds.
[[0;32m  OK  [0m] Started Initial cloud-init job (pre-networking).
[[0;32m  OK  [0m] Reached target Network (Pre).
         Starting Network Service...
[[0;32m  OK  [0m] Started Network Service.
         Starting Wait for Network to be Configured...
         Starting Network Name Resolution...
[[0;32m  OK  [0m] Started Network Name Resolution.
[[0;32m  OK  [0m] Reached target Network.
[[0;32m  OK  [0m] Reached target Host and Network Name Lookups.
[[0;32m  OK  [0m] Started Wait for Network to be Configured.
         Starting Initial cloud-init job (metadata service crawler)...
[    8.558385] cloud-init[942]: Cloud-init v. 23.1.2-0ubuntu0~18.04.1 running 'init' at Mon, 03 Jun 2024 12:19:43 +0000. Up 8.45 seconds.
[    8.559350] cloud-init[942]: ci-info: ++++++++++++++++++++++++++++++++++++++Net device info+++++++++++++++++++++++++++++++++++++++
[    8.560244] cloud-init[942]: ci-info: +--------+-------+----------------------------+---------------+--------+-------------------+
[    8.561272] cloud-init[942]: ci-info: | Device |   Up  |          Address           |      Mask     | Scope  |     Hw-Address    |
[    8.562127] cloud-init[942]: ci-info: +--------+-------+----------------------------+---------------+--------+-------------------+
[    8.563017] cloud-init[942]: ci-info: | enp0s3 |  True |         10.0.2.15          | 255.255.255.0 | global | 02:3b:7b:b7:3b:2d |
[    8.563865] cloud-init[942]: ci-info: | enp0s3 |  True | fe80::3b:7bff:feb7:3b2d/64 |       .       |  link  | 02:3b:7b:b7:3b:2d |
[    8.564862] cloud-init[942]: ci-info: | enp0s8 | False |             .              |       .       |   .    | 08:00:27:77:87:d0 |
[    8.565753] cloud-init[942]: ci-info: |   lo   |  True |         127.0.0.1          |   255.0.0.0   |  host  |         .         |
[    8.566633] cloud-init[942]: ci-info: |   lo   |  True |          ::1/128           |       .       |  host  |         .         |
[    8.567484] cloud-init[942]: ci-info: +--------+-------+----------------------------+---------------+--------+-------------------+
[    8.568462] cloud-init[942]: ci-info: ++++++++++++++++++++++++++++Route IPv4 info+++++++++++++++++++++++++++++
[    8.569203] cloud-init[942]: ci-info: +-------+-------------+----------+-----------------+-----------+-------+
[    8.570012] cloud-init[942]: ci-info: | Route | Destination | Gateway  |     Genmask     | Interface | Flags |
[    8.570858] cloud-init[942]: ci-info: +-------+-------------+----------+-----------------+-----------+-------+
[    8.571795] cloud-init[942]: ci-info: |   0   |   0.0.0.0   | 10.0.2.2 |     0.0.0.0     |   enp0s3  |   UG  |
[    8.572573] cloud-init[942]: ci-info: |   1   |   10.0.2.0  | 0.0.0.0  |  255.255.255.0  |   enp0s3  |   U   |
[    8.573423] cloud-init[942]: ci-info: |   2   |   10.0.2.2  | 0.0.0.0  | 255.255.255.255 |   enp0s3  |   UH  |
[    8.574151] cloud-init[942]: ci-info: +-------+-------------+----------+-----------------+-----------+-------+
[    8.574934] cloud-init[942]: ci-info: +++++++++++++++++++Route IPv6 info+++++++++++++++++++
[    8.575584] cloud-init[942]: ci-info: +-------+-------------+---------+-----------+-------+
[    8.576319] cloud-init[942]: ci-info: | Route | Destination | Gateway | Interface | Flags |
[    8.576981] cloud-init[942]: ci-info: +-------+-------------+---------+-----------+-------+
[    8.577619] cloud-init[942]: ci-info: |   1   |  fe80::/64  |    ::   |   enp0s3  |   U   |
[    8.578259] cloud-init[942]: ci-info: |   3   |    local    |    ::   |   enp0s3  |   U   |
[    8.578915] cloud-init[942]: ci-info: |   4   |   ff00::/8  |    ::   |   enp0s3  |   U   |
[    8.579564] cloud-init[942]: ci-info: +-------+-------------+---------+-----------+-------+
[    9.358629] cloud-init[942]: Generating public/private rsa key pair.
[    9.359315] cloud-init[942]: Your identification has been saved in /etc/ssh/ssh_host_rsa_key.
[    9.360144] cloud-init[942]: Your public key has been saved in /etc/ssh/ssh_host_rsa_key.pub.
[    9.360894] cloud-init[942]: The key fingerprint is:
[    9.361424] cloud-init[942]: SHA256:nY3fiM1/IhWJ4PRp+UqRRO7LT0vGQ6B1rnvh8jxxyFI root@ubuntu-bionic
[    9.362201] cloud-init[942]: The key's randomart image is:
[    9.362768] cloud-init[942]: +---[RSA 2048]----+
[    9.363293] cloud-init[942]: |           ..    |
[    9.363802] cloud-init[942]: |          o..    |
[    9.364337] cloud-init[942]: |         o ++=.. |
[    9.364917] cloud-init[942]: |         ..BO+E  |
[    9.365454] cloud-init[942]: |        S =.o=oo |
[    9.365981] cloud-init[942]: |           *oBB .|
[    9.366550] cloud-init[942]: |          ..O=B+ |
[    9.367174] cloud-init[942]: |            +O=o.|
[    9.367832] cloud-init[942]: |            .=*+ |
[    9.368409] cloud-init[942]: +----[SHA256]-----+
[    9.368946] cloud-init[942]: Generating public/private dsa key pair.
[    9.369554] cloud-init[942]: Your identification has been saved in /etc/ssh/ssh_host_dsa_key.
[    9.370307] cloud-init[942]: Your public key has been saved in /etc/ssh/ssh_host_dsa_key.pub.
[    9.371071] cloud-init[942]: The key fingerprint is:
[    9.371582] cloud-init[942]: SHA256:f+Fjpc+JqwXMXZ3g2QKiEhBChl9dfRxOojlcp8/CBm8 root@ubuntu-bionic
[    9.372398] cloud-init[942]: The key's randomart image is:
[    9.372939] cloud-init[942]: +---[DSA 1024]----+
[    9.373458] cloud-init[942]: |o+ ooo ..ooo+o   |
[    9.373973] cloud-init[942]: |o . . o..+o*= +..|
[    9.374494] cloud-init[942]: | . . . .* ...+.o.|
[    9.375060] cloud-init[942]: |  .   .  B + ..  |
[    9.375575] cloud-init[942]: |        S E = .  |
[    9.376106] cloud-init[942]: |         + + +   |
[    9.376593] cloud-init[942]: |          . B    |
[    9.377094] cloud-init[942]: |           + = . |
[    9.377595] cloud-init[942]: |          ..o.+  |
[    9.378097] cloud-init[942]: +----[SHA256]-----+
[    9.378618] cloud-init[942]: Generating public/private ecdsa key pair.
[    9.379241] cloud-init[942]: Your identification has been saved in /etc/ssh/ssh_host_ecdsa_key.
[    9.380025] cloud-init[942]: Your public key has been saved in /etc/ssh/ssh_host_ecdsa_key.pub.
[    9.380820] cloud-init[942]: The key fingerprint is:
[    9.381342] cloud-init[942]: SHA256:N/Al44L+GW80stEbdHja42Hget3XzHZe+1xuO1T9E9s root@ubuntu-bionic
[    9.382109] cloud-init[942]: The key's randomart image is:
[    9.382665] cloud-init[942]: +---[ECDSA 256]---+
[    9.383163] cloud-init[942]: |                 |
[    9.383675] cloud-init[942]: |                 |
[    9.384194] cloud-init[942]: |        . o..   .|
[    9.384522] cloud-init[942]: |       . +++o  .o|
[    9.385046] cloud-init[942]: |      . S+=*    *|
[    9.385546] cloud-init[942]: |     .  ooB.=  +E|
[    9.386035] cloud-init[942]: |      . .* B +.o=|
[    9.386548] cloud-init[942]: |       .o++ o .+%|
[    9.387087] cloud-init[942]: |        oo.    BX|
[    9.387587] cloud-init[942]: +----[SHA256]-----+
[    9.388177] cloud-init[942]: Generating public/private ed25519 key pair.
[    9.388812] cloud-init[942]: Your identification has been saved in /etc/ssh/ssh_host_ed25519_key.
[    9.389626] cloud-init[942]: Your public key has been saved in /etc/ssh/ssh_host_ed25519_key.pub.
[    9.390461] cloud-init[942]: The key fingerprint is:
[    9.391068] cloud-init[942]: SHA256:zSKTNwxg+v9w1q/E6MivXG4g6718TK9KdHG9dLKNPKE root@ubuntu-bionic
[    9.391701] cloud-init[942]: The key's randomart image is:
[    9.392281] cloud-init[942]: +--[ED25519 256]--+
[    9.392742] cloud-init[942]: |    o            |
[    9.393295] cloud-init[942]: |   o .     .     |
[    9.393790] cloud-init[942]: |  .   . . . = .  |
[    9.394301] cloud-init[942]: |   .   + = + O   |
[    9.394858] cloud-init[942]: |    . = S E * .  |
[    9.395458] cloud-init[942]: |    .o.=.*   .   |
[    9.395999] cloud-init[942]: |     o++=.+      |
[    9.396540] cloud-init[942]: |    .* X+...     |[[0;32m  OK  [0m] Started Initial cloud-init job (metadata service crawler).
[[0;32m  OK  [0m] Reached target Cloud-config availability.
[[0;32m  OK  [0m] Reached target Network is Online.

[[0;32m  OK  [0m] Reached target Remote File Systems (Pre).
[[0;32m  OK  [0m] Reached target Remote File Systems.
[    9.400845] cloud-init[942]: |   .. XB*....    |
[    9.401366]          Starting Availability of block devices...
[[0;32m  OK  [0m] Reached target System Initialization.
[[0;32m  OK  [0m] Listening on cloud-init hotplug hook socket.
[[0;32m  OK  [0m] Listening on Open-iSCSI iscsid Socket.
[[0;32m  OK  [0m] Started Ubuntu Advantage Timer for running repeated jobs.
[[0;32m  OK  [0m] Listening on UUID daemon activation socket.
[[0;32m  OK  [0m] Listening on D-Bus System Message Bus Socket.
[[0;32m  OK  [0m] Listening on ACPID Listen Socket.
[[0;32m  OK  [0m] Started Daily Cleanup of Temporary Directories.
[[0;32m  OK  [0m] Started Message of the Day.
[[0;32m  OK  [0m] Started Daily apt download activities.
[[0;32m  OK  [0m] Started Daily apt upgrade and clean activities.
[[0;32m  OK  [0m] Started Discard unused blocks once a week.
[[0;32m  OK  [0m] Reached target Timers.
         Starting LXD - unix socket.
cloud-init[942]: +----[SHA256]-----+
[[0;32m  OK  [0m] Started ACPI Events Check.
[[0;32m  OK  [0m] Reached target Paths.
         Starting Socket activation for snappy daemon.
[[0;32m  OK  [0m] Listening on LXD - unix socket.
[[0;32m  OK  [0m] Listening on Socket activation for snappy daemon.
[[0;32m  OK  [0m] Reached target Sockets.
[[0;32m  OK  [0m] Reached target Basic System.
[[0;32m  OK  [0m] Reached target Login Prompts (Pre).
         Starting LSB: Record successful boot for GRUB...
[[0;32m  OK  [0m] Started Deferred execution scheduler.
         Starting Pollinate to seed the pseudo random number generator...
         Starting Snap Daemon...
         Starting System Logging Service...
         Starting Login Service...
[[0;32m  OK  [0m] Started D-Bus System Message Bus.
[[0;32m  OK  [0m] Started Regular background program processing daemon.
         Starting Virtualbox guest utils...
         Starting LSB: automatic crash report generation...
[[0;32m  OK  [0m] Started irqbalance daemon.
         Starting Permit User Sessions...
         Starting Accounts Service...
         Starting Dispatcher daemon for systemd-networkd...
[[0;32m  OK  [0m] Started FUSE filesystem for LXC.
         Starting LXD - container startup/shutdown...
[[0;32m  OK  [0m] Started System Logging Service.
[[0;32m  OK  [0m] Started Availability of block devices.
[[0;32m  OK  [0m] Started Login Service.
[[0;32m  OK  [0m] Started Unattended Upgrades Shutdown.
[[0;32m  OK  [0m] Started LSB: automatic crash report generation.
[[0;32m  OK  [0m] Started Permit User Sessions.
         Starting Hold until boot process finishes up...
         Starting Terminate Plymouth Boot Screen...
[[0;32m  OK  [0m] Started Hold until boot process finishes up.
[[0;32m  OK  [0m] Started Terminate Plymouth Boot Screen.
         Starting Set console scheme...
[[0;32m  OK  [0m] Started Serial Getty on ttyS0.
[[0;32m  OK  [0m] Started Set console scheme.
[[0;32m  OK  [0m] Created slice system-getty.slice.
[[0;32m  OK  [0m] Started Getty on tty1.
[[0;32m  OK  [0m] Reached target Login Prompts.
         Starting Authorization Manager...
[[0;32m  OK  [0m] Started LSB: Record successful boot for GRUB.
[[0;32m  OK  [0m] Started Authorization Manager.
[[0;32m  OK  [0m] Started Accounts Service.
[[0;32m  OK  [0m] Started Virtualbox guest utils.
[[0;32m  OK  [0m] Started LXD - container startup/shutdown.
[[0;32m  OK  [0m] Started Dispatcher daemon for systemd-networkd.
[[0;32m  OK  [0m] Started Snap Daemon.
         Starting Wait until snapd is fully seeded...
         Starting Time & Date Service...
[[0;32m  OK  [0m] Started Time & Date Service.
[[0;32m  OK  [0m] Started Pollinate to seed the pseudo random number generator.
         Starting OpenBSD Secure Shell server...
[[0;32m  OK  [0m] Started OpenBSD Secure Shell server.
[[0;32m  OK  [0m] Created slice User Slice of vagrant.
         Starting User Manager for UID 1000...
[[0;32m  OK  [0m] Started Session 1 of user vagrant.
[[0;32m  OK  [0m] Started User Manager for UID 1000.
[[0;32m  OK  [0m] Started Wait until snapd is fully seeded.
         Starting Apply the settings specified in cloud-config...
[   14.060461] cloud-init[1588]: Cloud-init v. 23.1.2-0ubuntu0~18.04.1 running 'modules:config' at Mon, 03 Jun 2024 12:19:48 +0000. Up 13.79 seconds.
[[0;32m  OK  [0m] Started Apply the settings specified in cloud-config.
[[0;32m  OK  [0m] Reached target Multi-User System.
         Starting Execute cloud user/final scripts...
[[0;32m  OK  [0m] Reached target Graphical Interface.
         Starting Update UTMP about System Runlevel Changes...
[[0;32m  OK  [0m] Started Update UTMP about System Runlevel Changes.
ci-info: no authorized SSH keys fingerprints found for user ubuntu.
<14>Jun  3 12:19:49 cloud-init: #############################################################
<14>Jun  3 12:19:49 cloud-init: -----BEGIN SSH HOST KEY FINGERPRINTS-----
<14>Jun  3 12:19:49 cloud-init: 1024 SHA256:f+Fjpc+JqwXMXZ3g2QKiEhBChl9dfRxOojlcp8/CBm8 root@ubuntu-bionic (DSA)
<14>Jun  3 12:19:49 cloud-init: 256 SHA256:N/Al44L+GW80stEbdHja42Hget3XzHZe+1xuO1T9E9s root@ubuntu-bionic (ECDSA)
<14>Jun  3 12:19:49 cloud-init: 256 SHA256:zSKTNwxg+v9w1q/E6MivXG4g6718TK9KdHG9dLKNPKE root@ubuntu-bionic (ED25519)
<14>Jun  3 12:19:49 cloud-init: 2048 SHA256:nY3fiM1/IhWJ4PRp+UqRRO7LT0vGQ6B1rnvh8jxxyFI root@ubuntu-bionic (RSA)
<14>Jun  3 12:19:49 cloud-init: -----END SSH HOST KEY FINGERPRINTS-----
<14>Jun  3 12:19:49 cloud-init: #############################################################
-----BEGIN SSH HOST KEY KEYS-----
ecdsa-sha2-nistp256 AAAAE2VjZHNhLXNoYTItbmlzdHAyNTYAAAAIbmlzdHAyNTYAAABBBCMLTvnzaGTdahHQzhx4Y2m1uWUHWn2oia2ql9m2ijFZl62uA+PVLfR6XaDw6NJdeJ3XePKfzvX+ekUk5vajG6Y= root@ubuntu-bionic
ssh-ed25519 AAAAC3NzaC1lZDI1NTE5AAAAIDs7+VNDlA5h592wvPEsaGZMwgiv/niIg5qajjX7MVgv root@ubuntu-bionic
ssh-rsa AAAAB3NzaC1yc2EAAAADAQABAAABAQCnQEtVLYW0MxSnUs8EjFHKXOftvBDtsqOD4447nO+yn4DoSkMok9b24xRyNkCEqGWkfURSomlNA1gQY9j8NTx5m/WdbsP03p9s313VIeI4BoVoSrijwWWMqbyvCA8lwDCsigZ4Ky56DUHIBRkU2ivXfwtA+C2slldcML/O5QQwrhYNVAh6eOtA/jFTybmkwak29sojAseXvxVtI9rYQChrmdeN5Uvv4h4Rpj9TVTuuUcoNurxOhVg8PGM5NkNdxPPYItr3D+4gkyYsLT0An3gLFgdnjbEyzbkWlLrmnCSoOH2mMWvlGhGdPLZ3t0f8NtTRj46PSb6SuSAAMq6Xu5JN root@ubuntu-bionic
-----END SSH HOST KEY KEYS-----
[   14.590875] cloud-init[1674]: Cloud-init v. 23.1.2-0ubuntu0~18.04.1 running 'modules:final' at Mon, 03 Jun 2024 12:19:49 +0000. Up 14.43 seconds.
[   14.591845] cloud-init[1674]: Cloud-init v. 23.1.2-0ubuntu0~18.04.1 finished at Mon, 03 Jun 2024 12:19:49 +0000. Datasource DataSourceNoCloud [seed=/dev/sdb][dsmode=net].  Up 14.58 seconds
[[0;32m  OK  [0m] Started Execute cloud user/final scripts.
[[0;32m  OK  [0m] Reached target Cloud-init target.

Ubuntu 18.04.6 LTS ubuntu-bionic ttyS0

ubuntu-bionic login: 