[    0.000000] Initializing cgroup subsys cpuset
[    0.000000] Initializing cgroup subsys cpu
[    0.000000] Initializing cgroup subsys cpuacct
[    0.000000] Linux version 4.4.0-210-generic (buildd@lgw01-amd64-009) (gcc version 5.4.0 20160609 (Ubuntu 5.4.0-6ubuntu1~16.04.12) ) #242-Ubuntu SMP Fri Apr 16 09:57:56 UTC 2021 (Ubuntu 4.4.0-210.242-generic 4.4.262)
[    0.000000] Command line: BOOT_IMAGE=/boot/vmlinuz-4.4.0-210-generic root=LABEL=cloudimg-rootfs ro console=tty1 console=ttyS0
[    0.000000] KERNEL supported cpus:
[    0.000000]   Intel GenuineIntel
[    0.000000]   AMD AuthenticAMD
[    0.000000]   Centaur CentaurHauls
[    0.000000] x86/fpu: xstate_offset[2]:  576, xstate_sizes[2]:  256
[    0.000000] x86/fpu: Supporting XSAVE feature 0x01: 'x87 floating point registers'
[    0.000000] x86/fpu: Supporting XSAVE feature 0x02: 'SSE registers'
[    0.000000] x86/fpu: Supporting XSAVE feature 0x04: 'AVX registers'
[    0.000000] x86/fpu: Enabled xstate features 0x7, context size is 832 bytes, using 'standard' format.
[    0.000000] e820: BIOS-provided physical RAM map:
[    0.000000] BIOS-e820: [mem 0x0000000000000000-0x000000000009fbff] usable
[    0.000000] BIOS-e820: [mem 0x000000000009fc00-0x000000000009ffff] reserved
[    0.000000] BIOS-e820: [mem 0x00000000000f0000-0x00000000000fffff] reserved
[    0.000000] BIOS-e820: [mem 0x0000000000100000-0x000000003ffeffff] usable
[    0.000000] BIOS-e820: [mem 0x000000003fff0000-0x000000003fffffff] ACPI data
[    0.000000] BIOS-e820: [mem 0x00000000fec00000-0x00000000fec00fff] reserved
[    0.000000] BIOS-e820: [mem 0x00000000fee00000-0x00000000fee00fff] reserved
[    0.000000] BIOS-e820: [mem 0x00000000fffc0000-0x00000000ffffffff] reserved
[    0.000000] NX (Execute Disable) protection: active
[    0.000000] SMBIOS 2.5 present.
[    0.000000] Hypervisor detected: KVM
[    0.000000] e820: last_pfn = 0x3fff0 max_arch_pfn = 0x400000000
[    0.000000] MTRR: Disabled
[    0.000000] x86/PAT: MTRRs disabled, skipping PAT initialization too.
[    0.000000] CPU MTRRs all blank - virtualized system.
[    0.000000] x86/PAT: Configuration [0-7]: WB  WT  UC- UC  WB  WT  UC- UC  
[    0.000000] found SMP MP-table at [mem 0x0009fff0-0x0009ffff] mapped at [ffff88000009fff0]
[    0.000000] Scanning 1 areas for low memory corruption
[    0.000000] RAMDISK: [mem 0x362dc000-0x37165fff]
[    0.000000] ACPI: Early table checksum verification disabled
[    0.000000] ACPI: RSDP 0x00000000000E0000 000024 (v02 VBOX  )
[    0.000000] ACPI: XSDT 0x000000003FFF0030 00003C (v01 VBOX   VBOXXSDT 00000001 ASL  00000061)
[    0.000000] ACPI: FACP 0x000000003FFF00F0 0000F4 (v04 VBOX   VBOXFACP 00000001 ASL  00000061)
[    0.000000] ACPI: DSDT 0x000000003FFF0470 002325 (v02 VBOX   VBOXBIOS 00000002 INTL 20200925)
[    0.000000] ACPI: FACS 0x000000003FFF0200 000040
[    0.000000] ACPI: FACS 0x000000003FFF0200 000040
[    0.000000] ACPI: APIC 0x000000003FFF0240 00005C (v02 VBOX   VBOXAPIC 00000001 ASL  00000061)
[    0.000000] ACPI: SSDT 0x000000003FFF02A0 0001CC (v01 VBOX   VBOXCPUT 00000002 INTL 20200925)
[    0.000000] No NUMA configuration found
[    0.000000] Faking a node at [mem 0x0000000000000000-0x000000003ffeffff]
[    0.000000] NODE_DATA(0) allocated [mem 0x3ffeb000-0x3ffeffff]
[    0.000000] kvm-clock: Using msrs 4b564d01 and 4b564d00
[    0.000000] kvm-clock: cpu 0, msr 0:3ffe3001, primary cpu clock
[    0.000000] kvm-clock: using sched offset of 3006747407 cycles
[    0.000000] clocksource: kvm-clock: mask: 0xffffffffffffffff max_cycles: 0x1cd42e4dffb, max_idle_ns: 881590591483 ns
[    0.000000] Zone ranges:
[    0.000000]   DMA      [mem 0x0000000000001000-0x0000000000ffffff]
[    0.000000]   DMA32    [mem 0x0000000001000000-0x000000003ffeffff]
[    0.000000]   Normal   empty
[    0.000000]   Device   empty
[    0.000000] Movable zone start for each node
[    0.000000] Early memory node ranges
[    0.000000]   node   0: [mem 0x0000000000001000-0x000000000009efff]
[    0.000000]   node   0: [mem 0x0000000000100000-0x000000003ffeffff]
[    0.000000] Initmem setup node 0 [mem 0x0000000000001000-0x000000003ffeffff]
[    0.000000] ACPI: PM-Timer IO Port: 0x4008
[    0.000000] IOAPIC[0]: apic_id 2, version 32, address 0xfec00000, GSI 0-23
[    0.000000] ACPI: INT_SRC_OVR (bus 0 bus_irq 0 global_irq 2 dfl dfl)
[    0.000000] ACPI: INT_SRC_OVR (bus 0 bus_irq 9 global_irq 9 low level)
[    0.000000] Using ACPI (MADT) for SMP configuration information
[    0.000000] smpboot: Allowing 2 CPUs, 0 hotplug CPUs
[    0.000000] PM: Registered nosave memory: [mem 0x00000000-0x00000fff]
[    0.000000] PM: Registered nosave memory: [mem 0x0009f000-0x0009ffff]
[    0.000000] PM: Registered nosave memory: [mem 0x000a0000-0x000effff]
[    0.000000] PM: Registered nosave memory: [mem 0x000f0000-0x000fffff]
[    0.000000] e820: [mem 0x40000000-0xfebfffff] available for PCI devices
[    0.000000] Booting paravirtualized kernel on KVM
[    0.000000] clocksource: refined-jiffies: mask: 0xffffffff max_cycles: 0xffffffff, max_idle_ns: 7645519600211568 ns
[    0.000000] setup_percpu: NR_CPUS:512 nr_cpumask_bits:512 nr_cpu_ids:2 nr_node_ids:1
[    0.000000] PERCPU: Embedded 33 pages/cpu @ffff88003fc00000 s95192 r8192 d31784 u1048576
[    0.000000] Built 1 zonelists in Node order, mobility grouping on.  Total pages: 257912
[    0.000000] Policy zone: DMA32
[    0.000000] Kernel command line: BOOT_IMAGE=/boot/vmlinuz-4.4.0-210-generic root=LABEL=cloudimg-rootfs ro console=tty1 console=ttyS0
[    0.000000] PID hash table entries: 4096 (order: 3, 32768 bytes)
[    0.000000] Memory: 997792K/1048120K available (8644K kernel code, 1332K rwdata, 4044K rodata, 1492K init, 1164K bss, 50328K reserved, 0K cma-reserved)
[    0.000000] SLUB: HWalign=64, Order=0-3, MinObjects=0, CPUs=2, Nodes=1
[    0.000000] Kernel/User page tables isolation: enabled
[    0.000000] Hierarchical RCU implementation.
[    0.000000] 	Build-time adjustment of leaf fanout to 64.
[    0.000000] 	RCU restricting CPUs from NR_CPUS=512 to nr_cpu_ids=2.
[    0.000000] RCU: Adjusting geometry for rcu_fanout_leaf=64, nr_cpu_ids=2
[    0.000000] NR_IRQS:33024 nr_irqs:440 16
[    0.000000] Console: colour VGA+ 80x25
[    0.000000] console [tty1] enabled
[    0.000000] console [ttyS0] enabled
[    0.000000] tsc: Detected 1991.999 MHz processor
[    0.102594] Calibrating delay loop (skipped) preset value.. 3983.99 BogoMIPS (lpj=7967996)
[    0.103882] pid_max: default: 32768 minimum: 301
[    0.104551] ACPI: Core revision 20150930
[    0.105781] ACPI: 2 ACPI AML tables successfully acquired and loaded
[    0.106765] Security Framework initialized
[    0.107397] Yama: becoming mindful.
[    0.108019] AppArmor: AppArmor initialized
[    0.108682] Dentry cache hash table entries: 131072 (order: 8, 1048576 bytes)
[    0.110212] Inode-cache hash table entries: 65536 (order: 7, 524288 bytes)
[    0.111183] Mount-cache hash table entries: 2048 (order: 2, 16384 bytes)
[    0.112135] Mountpoint-cache hash table entries: 2048 (order: 2, 16384 bytes)
[    0.113161] Initializing cgroup subsys io
[    0.113812] Initializing cgroup subsys memory
[    0.114486] Initializing cgroup subsys devices
[    0.115133] Initializing cgroup subsys freezer
[    0.115800] Initializing cgroup subsys net_cls
[    0.116511] Initializing cgroup subsys perf_event
[    0.117183] Initializing cgroup subsys net_prio
[    0.117948] Initializing cgroup subsys hugetlb
[    0.118592] Initializing cgroup subsys pids
[    0.129153] mce: CPU supports 0 MCE banks
[    0.129827] Last level iTLB entries: 4KB 64, 2MB 8, 4MB 8
[    0.130661] Last level dTLB entries: 4KB 64, 2MB 0, 4MB 0, 1GB 4
[    0.131484] Spectre V1 : Mitigation: usercopy/swapgs barriers and __user pointer sanitization
[    0.132697] Spectre V2 : Mitigation: Full generic retpoline
[    0.133459] Spectre V2 : Spectre v2 / SpectreRSB mitigation: Filling RSB on context switch
[    0.134763] Speculative Store Bypass: Vulnerable
[    0.135427] SRBDS: Unknown: Dependent on hypervisor status
[    0.136250] MDS: Mitigation: Clear CPU buffers
[    0.139061] Freeing SMP alternatives memory: 36K
[    0.144524] ftrace: allocating 32380 entries in 127 pages
[    0.193913] smpboot: APIC(0) Converting physical 0 to logical package 0
[    0.194904] smpboot: Max logical packages: 1
[    0.195727] x2apic enabled
[    0.196377] Switched APIC routing to physical x2apic.
[    0.197978] ..TIMER: vector=0x30 apic1=0 pin1=2 apic2=-1 pin2=-1
[    0.306895] smpboot: CPU0: Intel(R) Core(TM) i7-8565U CPU @ 1.80GHz (family: 0x6, model: 0x8e, stepping: 0xc)
[    0.308414] Performance Events: unsupported p6 CPU model 142 no PMU driver, software events only.
[    0.318148] KVM setup paravirtual spinlock
[    0.319478] x86: Booting SMP configuration:
[    0.320096] .... node  #0, CPUs:      #1
[    0.320807] kvm-clock: cpu 1, msr 0:3ffe3041, secondary cpu clock
[    0.331864] mce: CPU supports 0 MCE banks
[    0.334530] x86: Booted up 1 node, 2 CPUs
[    0.335337] smpboot: Total of 2 processors activated (7967.99 BogoMIPS)
[    0.336584] devtmpfs: initialized
[    0.338627] evm: security.selinux
[    0.339159] evm: security.SMACK64
[    0.339686] evm: security.SMACK64EXEC
[    0.340297] evm: security.SMACK64TRANSMUTE
[    0.340906] evm: security.SMACK64MMAP
[    0.341481] evm: security.ima
[    0.342007] evm: security.capability
[    0.342807] clocksource: jiffies: mask: 0xffffffff max_cycles: 0xffffffff, max_idle_ns: 7645041785100000 ns
[    0.344155] futex hash table entries: 512 (order: 3, 32768 bytes)
[    0.345053] pinctrl core: initialized pinctrl subsystem
[    0.345860] RTC time: 12:22:17, date: 05/28/24
[    0.346791] NET: Registered protocol family 16
[    0.358620] cpuidle: using governor ladder
[    0.370657] cpuidle: using governor menu
[    0.371291] PCCT header not found.
[    0.371924] ACPI: bus type PCI registered
[    0.372532] acpiphp: ACPI Hot Plug PCI Controller Driver version: 0.5
[    0.373649] PCI: Using configuration type 1 for base access
[    0.387284] ACPI: Added _OSI(Module Device)
[    0.387992] ACPI: Added _OSI(Processor Device)
[    0.388721] ACPI: Added _OSI(3.0 _SCP Extensions)
[    0.389433] ACPI: Added _OSI(Processor Aggregator Device)
[    0.390893] ACPI: Executed 1 blocks of module-level executable AML code
[    0.393352] ACPI: Interpreter enabled
[    0.393936] ACPI: (supports S0 S5)
[    0.394475] ACPI: Using IOAPIC for interrupt routing
[    0.395324] PCI: Using host bridge windows from ACPI; if necessary, use "pci=nocrs" and report a bug
[    0.399653] ACPI: PCI Root Bridge [PCI0] (domain 0000 [bus 00-ff])
[    0.400552] acpi PNP0A03:00: _OSC: OS supports [ASPM ClockPM Segments MSI]
[    0.401680] acpi PNP0A03:00: _OSC: not requesting OS control; OS requires [ExtendedConfig ASPM ClockPM MSI]
[    0.403129] acpi PNP0A03:00: fail to add MMCONFIG information, can't access extended PCI configuration space under this bridge.
[    0.405061] PCI host bridge to bus 0000:00
[    0.405669] pci_bus 0000:00: root bus resource [io  0x0000-0x0cf7 window]
[    0.406653] pci_bus 0000:00: root bus resource [io  0x0d00-0xffff window]
[    0.407636] pci_bus 0000:00: root bus resource [mem 0x000a0000-0x000bffff window]
[    0.408737] pci_bus 0000:00: root bus resource [mem 0x40000000-0xfdffffff window]
[    0.409947] pci_bus 0000:00: root bus resource [bus 00-ff]
[    0.412146] pci 0000:00:01.1: legacy IDE quirk: reg 0x10: [io  0x01f0-0x01f7]
[    0.413165] pci 0000:00:01.1: legacy IDE quirk: reg 0x14: [io  0x03f6]
[    0.414161] pci 0000:00:01.1: legacy IDE quirk: reg 0x18: [io  0x0170-0x0177]
[    0.422632] pci 0000:00:01.1: legacy IDE quirk: reg 0x1c: [io  0x0376]
[    0.432123] pci 0000:00:07.0: quirk: [io  0x4000-0x403f] claimed by PIIX4 ACPI
[    0.433233] pci 0000:00:07.0: quirk: [io  0x4100-0x410f] claimed by PIIX4 SMB
[    0.438994] ACPI: PCI Interrupt Link [LNKA] (IRQs 5 9 10 *11)
[    0.440356] ACPI: PCI Interrupt Link [LNKB] (IRQs 5 9 *10 11)
[    0.441526] ACPI: PCI Interrupt Link [LNKC] (IRQs 5 *9 10 11)
[    0.442868] ACPI: PCI Interrupt Link [LNKD] (IRQs 5 9 10 *11)
[    0.444080] ACPI: Enabled 2 GPEs in block 00 to 07
[    0.445046] vgaarb: setting as boot device: PCI:0000:00:02.0
[    0.445815] vgaarb: device added: PCI:0000:00:02.0,decodes=io+mem,owns=io+mem,locks=none
[    0.447084] vgaarb: loaded
[    0.447584] vgaarb: bridge control possible 0000:00:02.0
[    0.448485] SCSI subsystem initialized
[    0.449205] ACPI: bus type USB registered
[    0.449818] usbcore: registered new interface driver usbfs
[    0.450615] usbcore: registered new interface driver hub
[    0.451350] usbcore: registered new device driver usb
[    0.452734] PCI: Using ACPI for IRQ routing
[    0.453702] NetLabel: Initializing
[    0.454292] NetLabel:  domain hash size = 128
[    0.455031] NetLabel:  protocols = UNLABELED CIPSOv4
[    0.455787] NetLabel:  unlabeled traffic allowed by default
[    0.456703] amd_nb: Cannot enumerate AMD northbridges
[    0.457485] clocksource: Switched to clocksource kvm-clock
[    0.464068] AppArmor: AppArmor Filesystem Enabled
[    0.465143] pnp: PnP ACPI init
[    0.466570] pnp: PnP ACPI: found 3 devices
[    0.474621] clocksource: acpi_pm: mask: 0xffffff max_cycles: 0xffffff, max_idle_ns: 2085701024 ns
[    0.476006] NET: Registered protocol family 2
[    0.476797] TCP established hash table entries: 8192 (order: 4, 65536 bytes)
[    0.477743] TCP bind hash table entries: 8192 (order: 5, 131072 bytes)
[    0.478620] TCP: Hash tables configured (established 8192 bind 8192)
[    0.479486] UDP hash table entries: 512 (order: 2, 16384 bytes)
[    0.480330] UDP-Lite hash table entries: 512 (order: 2, 16384 bytes)
[    0.481253] NET: Registered protocol family 1
[    0.481974] pci 0000:00:00.0: Limiting direct PCI/PCI transfers
[    0.482787] pci 0000:00:01.0: Activating ISA DMA hang workarounds
[    0.483703] Unpacking initramfs...
[    0.656579] Freeing initrd memory: 14888K
[    0.657341] clocksource: tsc: mask: 0xffffffffffffffff max_cycles: 0x396d4ffc055, max_idle_ns: 881590662783 ns
[    0.658781] platform rtc_cmos: registered platform RTC device (no PNP device found)
[    0.659984] Scanning for low memory corruption every 60 seconds
[    0.661230] audit: initializing netlink subsys (disabled)
[    0.662050] audit: type=2000 audit(1716898942.171:1): initialized
[    0.663074] Initialise system trusted keyring
[    0.663996] HugeTLB registered 2 MB page size, pre-allocated 0 pages
[    0.665773] zbud: loaded
[    0.666559] VFS: Disk quotas dquot_6.6.0
[    0.667185] VFS: Dquot-cache hash table entries: 512 (order 0, 4096 bytes)
[    0.668241] squashfs: version 4.0 (2009/01/31) Phillip Lougher
[    0.669242] fuse init (API version 7.23)
[    0.669947] Key type big_key registered
[    0.670560] Allocating IMA MOK and blacklist keyrings.
[    0.671740] Key type asymmetric registered
[    0.672357] Asymmetric key parser 'x509' registered
[    0.673072] Block layer SCSI generic (bsg) driver version 0.4 loaded (major 249)
[    0.674334] io scheduler noop registered
[    0.674948] io scheduler deadline registered (default)
[    0.675688] io scheduler cfq registered
[    0.676340] pci_hotplug: PCI Hot Plug PCI Core version: 0.5
[    0.677104] pciehp: PCI Express Hot Plug Controller Driver version: 0.4
[    0.678134] ACPI: AC Adapter [AC] (on-line)
[    0.678809] input: Power Button as /devices/LNXSYSTM:00/LNXPWRBN:00/input/input0
[    0.679911] ACPI: Power Button [PWRF]
[    0.680549] input: Sleep Button as /devices/LNXSYSTM:00/LNXSLPBN:00/input/input1
[    0.681656] ACPI: Sleep Button [SLPF]
[    0.682428] GHES: HEST is not enabled!
[    0.683463] ACPI: Battery Slot [BAT0] (battery present)
[    0.684222] Serial: 8250/16550 driver, 32 ports, IRQ sharing enabled
[    0.705505] 00:02: ttyS0 at I/O 0x3f8 (irq = 4, base_baud = 115200) is a 16550A
[    0.708019] Linux agpgart interface v0.103
[    0.709773] loop: module loaded
[    0.710669] scsi host0: ata_piix
[    0.711271] scsi host1: ata_piix
[    0.711816] ata1: PATA max UDMA/33 cmd 0x1f0 ctl 0x3f6 bmdma 0xd000 irq 14
[    0.712713] ata2: PATA max UDMA/33 cmd 0x170 ctl 0x376 bmdma 0xd008 irq 15
[    0.713749] libphy: Fixed MDIO Bus: probed
[    0.714387] tun: Universal TUN/TAP device driver, 1.6
[    0.715101] tun: (C) 1999-2004 Max Krasnyansky <maxk@qualcomm.com>
[    0.716159] PPP generic driver version 2.4.2
[    0.716939] ehci_hcd: USB 2.0 'Enhanced' Host Controller (EHCI) Driver
[    0.717818] ehci-pci: EHCI PCI platform driver
[    0.718489] ehci-platform: EHCI generic platform driver
[    0.719226] ohci_hcd: USB 1.1 'Open' Host Controller (OHCI) Driver
[    0.720158] ohci-pci: OHCI PCI platform driver
[    0.720860] ohci-platform: OHCI generic platform driver
[    0.721611] uhci_hcd: USB Universal Host Controller Interface driver
[    0.722503] i8042: PNP: PS/2 Controller [PNP0303:PS2K,PNP0f03:PS2M] at 0x60,0x64 irq 1,12
[    0.724061] serio: i8042 KBD port at 0x60,0x64 irq 1
[    0.724763] serio: i8042 AUX port at 0x60,0x64 irq 12
[    0.725663] mousedev: PS/2 mouse device common for all mice
[    0.726763] input: AT Translated Set 2 keyboard as /devices/platform/i8042/serio0/input/input2
[    0.728412] rtc_cmos rtc_cmos: rtc core: registered rtc_cmos as rtc0
[    0.729301] rtc_cmos rtc_cmos: alarms up to one day, 114 bytes nvram
[    0.730189] i2c /dev entries driver
[    0.730787] device-mapper: uevent: version 1.0.3
[    0.731549] device-mapper: ioctl: 4.34.0-ioctl (2015-10-28) initialised: dm-devel@redhat.com
[    0.732766] ledtrig-cpu: registered to indicate activity on CPUs
[    0.733834] NET: Registered protocol family 10
[    0.734691] NET: Registered protocol family 17
[    0.735419] Key type dns_resolver registered
[    0.736374] registered taskstats version 1
[    0.736995] Loading compiled-in X.509 certificates
[    0.738121] Loaded X.509 cert 'Build time autogenerated kernel key: cf00e047681d67edb2720680708b7d9498083038'
[    0.739541] zswap: loaded using pool lzo/zbud
[    0.741448] Key type trusted registered
[    0.744430] Key type encrypted registered
[    0.745038] AppArmor: AppArmor sha1 policy hashing enabled
[    0.745848] ima: No TPM chip found, activating TPM-bypass!
[    0.746612] ima: Allocated hash algorithm: sha1
[    0.747330] evm: HMAC attrs: 0x1
[    0.748107]   Magic number: 8:194:381
[    0.748811] rtc_cmos rtc_cmos: setting system clock to 2024-05-28 12:22:17 UTC (1716898937)
[    0.750236] BIOS EDD facility v0.16 2004-Jun-25, 0 devices found
[    0.751036] EDD information not available.
[    0.902876] Freeing unused kernel memory: 1492K
[    0.904330] Write protecting the kernel read-only data: 14336k
[    0.906742] Freeing unused kernel memory: 1584K
[    0.909465] Freeing unused kernel memory: 52K
Loading, please wait...
starting version 229
[    0.926669] random: systemd-udevd: uninitialized urandom read (16 bytes read, 3 bits of entropy available)
[    0.927316] random: udevadm: uninitialized urandom read (16 bytes read, 3 bits of entropy available)
[    0.927346] random: udevadm: uninitialized urandom read (16 bytes read, 3 bits of entropy available)
[    0.932554] random: systemd-udevd: uninitialized urandom read (16 bytes read, 3 bits of entropy available)
[    0.934382] random: systemd-udevd: uninitialized urandom read (16 bytes read, 3 bits of entropy available)
[    0.935336] random: udevadm: uninitialized urandom read (16 bytes read, 3 bits of entropy available)
[    0.935385] random: udevadm: uninitialized urandom read (16 bytes read, 3 bits of entropy available)
[    0.935528] random: udevadm: uninitialized urandom read (16 bytes read, 3 bits of entropy available)
[    0.935582] random: udevadm: uninitialized urandom read (16 bytes read, 3 bits of entropy available)
[    0.935634] random: udevadm: uninitialized urandom read (16 bytes read, 3 bits of entropy available)
[    0.975258] e1000: Intel(R) PRO/1000 Network Driver - version 7.3.21-k8-NAPI
[    0.976298] e1000: Copyright (c) 1999-2006 Intel Corporation.
[    0.978898] Fusion MPT base driver 3.04.20
[    0.979514] Copyright (c) 1999-2008 LSI Corporation
[    0.991683] Fusion MPT SPI Host driver 3.04.20
[    0.994077] AVX2 version of gcm_enc/dec engaged.
[    0.994767] AES CTR mode by8 optimization enabled
[    1.182734] input: ImExPS/2 Generic Explorer Mouse as /devices/platform/i8042/serio1/input/input4
[    1.338226] e1000 0000:00:03.0 eth0: (PCI:33MHz:32-bit) 02:be:82:6b:cc:1d
[    1.341533] e1000 0000:00:03.0 eth0: Intel(R) PRO/1000 Network Connection
[    1.345198] mptbase: ioc0: Initiating bringup
[    1.409719] ioc0: LSI53C1030 A0: Capabilities={Initiator}
[    1.577875] scsi host2: ioc0: LSI53C1030 A0, FwRev=00000000h, Ports=1, MaxQ=256, IRQ=20
[    1.698887] scsi 2:0:0:0: Direct-Access     VBOX     HARDDISK         1.0  PQ: 0 ANSI: 5
[    1.707180] scsi target2:0:0: Beginning Domain Validation
[    1.716655] scsi target2:0:0: Domain Validation skipping write tests
[    1.721849] scsi target2:0:0: Ending Domain Validation
[    1.726056] scsi target2:0:0: asynchronous
[    1.729939] scsi 2:0:1:0: Direct-Access     VBOX     HARDDISK         1.0  PQ: 0 ANSI: 5
[    1.733850] scsi target2:0:1: Beginning Domain Validation
[    1.737232] scsi target2:0:1: Domain Validation skipping write tests
[    1.739186] scsi target2:0:1: Ending Domain Validation
[    1.740806] scsi target2:0:1: asynchronous
[    1.770373] sd 2:0:0:0: Attached scsi generic sg0 type 0
[    1.771249] sd 2:0:0:0: [sda] 83886080 512-byte logical blocks: (42.9 GB/40.0 GiB)
[    1.772808] sd 2:0:1:0: Attached scsi generic sg1 type 0
[    1.773803] sd 2:0:0:0: [sda] Write Protect is off
[    1.774596] sd 2:0:0:0: [sda] Incomplete mode parameter data
[    1.775390] sd 2:0:0:0: [sda] Assuming drive cache: write through
[    1.776279] sd 2:0:1:0: [sdb] 20480 512-byte logical blocks: (10.5 MB/10.0 MiB)
[    1.777738] sd 2:0:1:0: [sdb] Write Protect is off
[    1.778590] sd 2:0:1:0: [sdb] Incomplete mode parameter data
[    1.779408] sd 2:0:1:0: [sdb] Assuming drive cache: write through
[    1.780766]  sda: sda1
[    1.781693] sd 2:0:0:0: [sda] Attached SCSI disk
[    1.783024] sd 2:0:1:0: [sdb] Attached SCSI disk
[    2.044308] e1000 0000:00:08.0 eth1: (PCI:33MHz:32-bit) 08:00:27:55:5c:d0
[    2.045286] e1000 0000:00:08.0 eth1: Intel(R) PRO/1000 Network Connection
[    2.046909] e1000 0000:00:03.0 enp0s3: renamed from eth0
[    2.058415] e1000 0000:00:08.0 enp0s8: renamed from eth1
Begin: Loading essential drivers ... [    3.353260] md: linear personality registered for level -1
[    3.355958] md: multipath personality registered for level -4
[    3.359382] md: raid0 personality registered for level 0
[    3.362570] md: raid1 personality registered for level 1
[    3.433543] raid6: sse2x1   gen() 12059 MB/s
[    3.501533] raid6: sse2x1   xor()  8349 MB/s
[    3.569503] raid6: sse2x2   gen() 17250 MB/s
[    3.637503] raid6: sse2x2   xor() 11227 MB/s
[    3.705510] raid6: sse2x4   gen() 18871 MB/s
[    3.773499] raid6: sse2x4   xor() 12018 MB/s
[    3.841497] raid6: avx2x1   gen() 24964 MB/s
[    3.909499] raid6: avx2x2   gen() 31568 MB/s
[    3.977532] raid6: avx2x4   gen() 34602 MB/s
[    3.978190] raid6: using algorithm avx2x4 gen() 34602 MB/s
[    3.978935] raid6: using avx2x2 recovery algorithm
[    3.981334] xor: automatically using best checksumming function:
[    4.077534]    avx       : 127227.000 MB/sec
[    4.079460] async_tx: api initialized (async)
[    4.087838] md: raid6 personality registered for level 6
[    4.088872] md: raid5 personality registered for level 5
[    4.089641] md: raid4 personality registered for level 4
[    4.094974] md: raid10 personality registered for level 10
done.
Begin: Running /scripts/init-premount ... done.
Begin: Mounting root file system ... Begin: Running /scripts/local-top ... done.
Begin: Running /scripts/local-premount ... [    4.119590] Btrfs loaded
Scanning for Btrfs filesystems
done.
Warning: fsck not present, so skipping root file system
[    4.140251] EXT4-fs (sda1): mounted filesystem with ordered data mode. Opts: (null)
done.
Begin: Running /scripts/local-bottom ... done.
Begin: Running /scripts/init-bottom ... done.
[    4.197914] systemd[1]: systemd 229 running in system mode. (+PAM +AUDIT +SELINUX +IMA +APPARMOR +SMACK +SYSVINIT +UTMP +LIBCRYPTSETUP +GCRYPT +GNUTLS +ACL +XZ -LZ4 +SECCOMP +BLKID +ELFUTILS +KMOD -IDN)
[    4.200303] systemd[1]: Detected virtualization oracle.
[    4.201026] systemd[1]: Detected architecture x86-64.

Welcome to [1mUbuntu 16.04.7 LTS[0m!

[    4.203181] systemd[1]: Set hostname to <ubuntu>.
[    4.204770] systemd[1]: Initializing machine ID from random generator.
[    4.205682] systemd[1]: Installed transient /etc/machine-id file.
[    4.294490] systemd[1]: Listening on Journal Socket.
[[0;32m  OK  [0m] Listening on Journal Socket.
[    4.295896] systemd[1]: Reached target Encrypted Volumes.
[[0;32m  OK  [0m] Reached target Encrypted Volumes.
[    4.297313] systemd[1]: Listening on udev Control Socket.
[[0;32m  OK  [0m] Listening on udev Control Socket.
[    4.299310] systemd[1]: Listening on udev Kernel Socket.
[[0;32m  OK  [0m] Listening on udev Kernel Socket.
[    4.301998] systemd[1]: Started Trigger resolvconf update for networkd DNS.
[[0;32m  OK  [0m] Started Trigger resolvconf update for networkd DNS.
[    4.303693] systemd[1]: Listening on LVM2 poll daemon socket.
[[0;32m  OK  [0m] Listening on LVM2 poll daemon socket.
[    4.305335] systemd[1]: Created slice System Slice.
[[0;32m  OK  [0m] Created slice System Slice.
[    4.322282] systemd[1]: Starting Set console keymap...
         Starting Set console keymap...
[    4.338381] systemd[1]: Starting Load Kernel Modules...
         Starting Load Kernel Modules...
[    4.340796] systemd[1]: Starting Create list of required static device nodes for the current kernel...
         Starting Create list of required st... nodes for the current kernel...
[    4.344343] systemd[1]: Set up automount Arbitrary Executable File Formats File System Automount Point.
[[0;32m  OK  [0m] Set up automount Arbitrary Executab...ats File System Automount Point.
[    4.347942] systemd[1]: Listening on Syslog Socket.
[[0;32m  OK  [0m] Listening on Syslog Socket.
[    4.352936] Loading iSCSI transport class v2.0-870.
[    4.354123] systemd[1]: Started Forward Password Requests to Wall Directory Watch.
[[0;32m  OK  [0m] Started Forward Password Requests to Wall Directory Watch.
[    4.357500] systemd[1]: Mounting Huge Pages File System...
         Mounting Huge Pages File System...
[    4.359306] systemd[1]: Listening on /dev/initctl Compatibility Named Pipe.
[[0;32m  OK  [0m] Listening on /dev/initctl Compatibility Named Pipe.
[    4.362115] systemd[1]: Reached target Swap.
[[0;32m  OK  [0m] Reached target Swap.
[    4.364205] systemd[1]: Mounting POSIX Message Queue File System...
         Mounting POSIX Message Queue File System...
[    4.366927] iscsi: registered transport (tcp)
[    4.367202] systemd[1]: Created slice User and Session Slice.
[[0;32m  OK  [0m] Created slice User and Session Slice.
[    4.369497] systemd[1]: Reached target Slices.
[[0;32m  OK  [0m] Reached target Slices.
[    4.377696] systemd[1]: Reached target System Time Synchronized.
[[0;32m  OK  [0m] Reached target System Time Synchronized.
[    4.380174] systemd[1]: Mounting Debug File System...
         Mounting Debug File System...
[    4.382662] systemd[1]: Starting Nameserver information manager...
         Starting Nameserver information manager...
[    4.385997] systemd[1]: Created slice system-serial\x2dgetty.slice.
[[0;32m  OK  [0m] Created slice system-serial\x2dgetty.slice.
[    4.389177] systemd[1]: Listening on fsck to fsckd communication Socket.
[[0;32m  OK  [0m] Listening on fsck to fsckd communication Socket.
[    4.391434] systemd[1]: Starting File System Check on Root Device...
         Starting File System Check on Root Device...
[    4.393600] systemd[1]: Listening on Journal Socket (/dev/log).
[    4.394949] iscsi: registered transport (iser)
[[0;32m  OK  [0m] Listening on Journal Socket (/dev/log).
[    4.396545] systemd[1]: Listening on LVM2 metadata daemon socket.
[[0;32m  OK  [0m] Listening on LVM2 metadata daemon socket.
[    4.405771] systemd[1]: Listening on Journal Audit Socket.
[[0;32m  OK  [0m] Listening on Journal Audit Socket.
[    4.408219] systemd[1]: Starting Journal Service...
         Starting Journal Service...
[    4.410384] systemd[1]: Listening on Device-mapper event daemon FIFOs.
[[0;32m  OK  [0m] Listening on Device-mapper event daemon FIFOs.
[    4.412870] systemd[1]: Starting Monitoring of LVM2 mirrors, snapshots etc. using dmeventd or progress polling...
         Starting Monitoring of LVM2 mirrors... dmeventd or progress polling...
[    4.415940] systemd[1]: Reached target User and Group Name Lookups.
[[0;32m  OK  [0m] Reached target User and Group Name Lookups.
[    4.418667] systemd[1]: Starting Uncomplicated firewall...
         Starting Uncomplicated firewall...
[    4.422237] systemd[1]: Mounted Huge Pages File System.
[[0;32m  OK  [0m] Mounted Huge Pages File System.
[    4.424184] systemd[1]: Mounted POSIX Message Queue File System.
[[0;32m  OK  [0m] Mounted POSIX Message Queue File System.
[    4.426531] systemd[1]: Mounted Debug File System.
[[0;32m  OK  [0m] Mounted Debug File System.
[    4.430434] systemd[1]: Started Set console keymap.
[[0;32m  OK  [0m] Started Set console keymap.
[    4.432658] systemd[1]: Started Load Kernel Modules.
[[0;32m  OK  [0m] Started Load Kernel Modules.
[    4.434710] systemd[1]: Started Create list of required static device nodes for the current kernel.
[[0;32m  OK  [0m] Started Create list of required sta...ce nodes for the current kernel.
[    4.451413] systemd[1]: Started File System Check on Root Device.
[[0;32m  OK  [0m] Started File System Check on Root Device.
[    4.457319] systemd[1]: Started Uncomplicated firewall.
[[0;32m  OK  [0m] Started Uncomplicated firewall.
[    4.461280] systemd[1]: Started Nameserver information manager.
[[0;32m  OK  [0m] Started Nameserver information manager.
[    4.467634] systemd[1]: Started Journal Service.
[[0;32m  OK  [0m] Started Journal Service.
[[0;32m  OK  [0m] Started LVM2 metadata daemon.
[[0;32m  OK  [0m] Started File System Check Daemon to report status.
         Starting Remount Root and Kernel File Systems...
         Starting Create Static Device Nodes in /dev...
         Mounting FUSE Control File System...
         Starting Apply Kernel Variables...
[[0;32m  OK  [0m] Mounted FUSE Control File System.
[    4.487396] EXT4-fs (sda1): re-mounted. Opts: (null)
[[0;32m  OK  [0m] Started Remount Root and Kernel File Systems.
         Starting Load/Save Random Seed...
         Starting Flush Journal to Persistent Storage...
         Starting udev Coldplug all Devices...
[[0;32m  OK  [0m] Started Load/Save Random Seed.
[[0;32m  OK  [0m] Started Apply Kernel Variables.
[[0;32m  OK  [0m] Started Flush Journal to Persistent Storage.
[[0;32m  OK  [0m] Started Create Static Device Nodes in /dev.
         Starting udev Kernel Device Manager...
[[0;32m  OK  [0m] Started udev Kernel Device Manager.
[[0;32m  OK  [0m] Started udev Coldplug all Devices.
[[0;32m  OK  [0m] Started Dispatch Password Requests to Console Directory Watch.
[[0;32m  OK  [0m] Found device /dev/ttyS0.
[[0;32m  OK  [0m] Listening on Load/Save RF Kill Switch Status /dev/rfkill Watch.
[[0;32m  OK  [0m] Started Monitoring of LVM2 mirrors,...ng dmeventd or progress polling.
[[0;32m  OK  [0m] Reached target Local File Systems (Pre).
[[0;32m  OK  [0m] Reached target Local File Systems.
         Starting Tell Plymouth To Write Out Runtime Data...
         Starting Set console font and keymap...
         Starting LSB: AppArmor initialization...
         Starting Create Volatile Files and Directories...
         Starting Commit a transient machine-id on disk...
         Starting Initial cloud-init job (pre-networking)...
[[0;32m  OK  [0m] Started Tell Plymouth To Write Out Runtime Data.
[[0;32m  OK  [0m] Started Create Volatile Files and Directories.
         Starting Update UTMP about System Boot/Shutdown...
[[0;32m  OK  [0m] Started Commit a transient machine-id on disk.
[[0;32m  OK  [0m] Started Update UTMP about System Boot/Shutdown.
[[0;32m  OK  [0m] Started Set console font and keymap.
[[0;32m  OK  [0m] Created slice system-getty.slice.
[[0;32m  OK  [0m] Started LSB: AppArmor initialization.
         Starting Load AppArmor profiles managed internally by snapd...
[[0;32m  OK  [0m] Started Load AppArmor profiles managed internally by snapd.
[    5.687128] cloud-init[643]: Cloud-init v. 21.1-19-gbad84ad4-0ubuntu1~16.04.2 running 'init-local' at Tue, 28 May 2024 12:22:22 +0000. Up 5.43 seconds.
[[0;32m  OK  [0m] Started Initial cloud-init job (pre-networking).
[[0;32m  OK  [0m] Reached target Network (Pre).
         Starting Raise network interfaces...
[[0;32m  OK  [0m] Started Raise network interfaces.
[[0;32m  OK  [0m] Reached target Network.
         Starting Initial cloud-init job (metadata service crawler)...
[    6.554689] cloud-init[958]: Cloud-init v. 21.1-19-gbad84ad4-0ubuntu1~16.04.2 running 'init' at Tue, 28 May 2024 12:22:23 +0000. Up 6.13 seconds.
[    6.556011] cloud-init[958]: ci-info: ++++++++++++++++++++++++++++++++++++++Net device info+++++++++++++++++++++++++++++++++++++++
[    6.557309] cloud-init[958]: ci-info: +--------+-------+----------------------------+---------------+--------+-------------------+
[    6.558515] cloud-init[958]: ci-info: | Device |   Up  |          Address           |      Mask     | Scope  |     Hw-Address    |
[    6.559713] cloud-init[958]: ci-info: +--------+-------+----------------------------+---------------+--------+-------------------+
[    6.561022] cloud-init[958]: ci-info: | enp0s3 |  True |         10.0.2.15          | 255.255.255.0 | global | 02:be:82:6b:cc:1d |
[    6.562229] cloud-init[958]: ci-info: | enp0s3 |  True | fe80::be:82ff:fe6b:cc1d/64 |       .       |  link  | 02:be:82:6b:cc:1d |
[    6.563438] cloud-init[958]: ci-info: | enp0s8 | False |             .              |       .       |   .    | 08:00:27:55:5c:d0 |
[    6.564727] cloud-init[958]: ci-info: |   lo   |  True |         127.0.0.1          |   255.0.0.0   |  host  |         .         |
[    6.565940] cloud-init[958]: ci-info: |   lo   |  True |          ::1/128           |       .       |  host  |         .         |
[    6.567144] cloud-init[958]: ci-info: +--------+-------+----------------------------+---------------+--------+-------------------+
[    6.568461] cloud-init[958]: ci-info: +++++++++++++++++++++++++++Route IPv4 info++++++++++++++++++++++++++++
[    6.569511] cloud-init[958]: ci-info: +-------+-------------+----------+---------------+-----------+-------+
[    6.570586] cloud-init[958]: ci-info: | Route | Destination | Gateway  |    Genmask    | Interface | Flags |
[    6.571655] cloud-init[958]: ci-info: +-------+-------------+----------+---------------+-----------+-------+
[    6.572774] cloud-init[958]: ci-info: |   0   |   0.0.0.0   | 10.0.2.2 |    0.0.0.0    |   enp0s3  |   UG  |
[    6.573873] cloud-init[958]: ci-info: |   1   |   10.0.2.0  | 0.0.0.0  | 255.255.255.0 |   enp0s3  |   U   |
[    6.574966] cloud-init[958]: ci-info: +-------+-------------+----------+---------------+-----------+-------+
[    6.576066] cloud-init[958]: ci-info: +++++++++++++++++++Route IPv6 info+++++++++++++++++++
[    6.577091] cloud-init[958]: ci-info: +-------+-------------+---------+-----------+-------+
[    6.578054] cloud-init[958]: ci-info: | Route | Destination | Gateway | Interface | Flags |
[    6.579021] cloud-init[958]: ci-info: +-------+-------------+---------+-----------+-------+
[    6.579985] cloud-init[958]: ci-info: |   0   |  fe80::/64  |    ::   |   enp0s3  |   U   |
[    6.581017] cloud-init[958]: ci-info: |   3   |   ff00::/8  |    ::   |   enp0s3  |   U   |
[    6.581980] cloud-init[958]: ci-info: +-------+-------------+---------+-----------+-------+
[    6.582939] cloud-init[958]: Generating public/private rsa key pair.
[    6.583772] cloud-init[958]: Your identification has been saved in /etc/ssh/ssh_host_rsa_key.
[    6.584838] cloud-init[958]: Your public key has been saved in /etc/ssh/ssh_host_rsa_key.pub.
[    6.585785] cloud-init[958]: The key fingerprint is:[[0;32m  OK  [0m] Started Initial cloud-init job (metadata service crawler).
[[0;32m  OK  [0m] Reached target Network is Online.

[    6.588293] cloud-init[958]: SHA256:C/PF5Fta300k33Q/gE2NAuG8tUuvhlrk3ItvIH9+aec root@ubuntu-xenial
[    6.589144] cloud-init[958]: The key's randomart image is:
[    6.589695] cloud-init[958]: +---[RSA 2048]----+
[    6.590163] cloud-init[958]: |         oo  .o  |
[    6.590683] cloud-init[958]: |        o  .+. . |
[    6.591171] cloud-init[958]: |         o.o.o. +|
[    6.591682] cloud-init[958]: |         +o . .=+|
[    6.592375] cloud-init[958]: |      o So+oo  .=|
[    6.592941] cloud-init[958]: |       =++o=o. oo|
[    6.593429] cloud-init[958]: |        =+=o .o o|
[    6.593926] cloud-init[958]: |        .o.+o+ . |
[    6.600333] cloud-init[958]: |       ...*=o oE |
[    6.600478] cloud-init[958]: +----[SHA256]-----+
[    6.600747] cloud-init[958]: Generating public/private dsa key pair.
[    6.601030] cloud-init[958]: Your identification has been saved in /etc/ssh/ssh_host_dsa_key.
[    6.601312] cloud-init[958]: Your public key has been saved in /etc/ssh/ssh_host_dsa_key.pub.
[    6.601590] cloud-init[958]: The key fingerprint is:
[    6.601874] cloud-init[958]: SHA256:RfSN8OxkB48fYrkTUtEclt9RMJa03hFBE5zbdhJnzKs root@ubuntu-xenial
[    6.602151] cloud-init[958]: The key's randomart image is:
[    6.602441] cloud-init[958]: +---[DSA 1024]----+
[    6.602715] cloud-init[958]: |         .+ +=X&*|
[    6.602996] cloud-init[958]: |         . * X**B|
[    6.603273] cloud-init[958]: |          o & ***|
[    6.603553] cloud-init[958]: |         . * B.=B|
[    6.603835] cloud-init[958]: |        S   + +oo|
[    6.604724] cloud-init[958]: |             E   |
[    6.604997] cloud-init[958]: |                 |
[    6.605171] cloud-init[958]: |                 |
[    6.605449] cloud-init[958]: |                 |
[    6.605630] cloud-init[958]: +----[SHA256]-----+
[    6.605813] cloud-init[958]: Generating public/private ecdsa key pair.
[    6.605996] cloud-init[958]: Your identification has been saved in /etc/ssh/ssh_host_ecdsa_key.
[    6.606181] cloud-init[958]: Your public key has been saved in /etc/ssh/ssh_host_ecdsa_key.pub.
[    6.606364] cloud-init[958]: The key fingerprint is:
[    6.606545] cloud-init[958]: SHA256:sSB72jQmNAWAahdlOAYq7gLEzhO7EPVEodcJe8a4rP8 root@ubuntu-xenial
[    6.606730] cloud-init[958]: The key's randomart image is:
[    6.606912] cloud-init[958]: +---[ECDSA 256]---+
[    6.607096] cloud-init[958]: | o+oO=.          |
[    6.607282] cloud-init[958]: |+. O.B .         |
[    6.607464] cloud-init[958]: |=+o @ B .        |
[    6.607651] cloud-init[958]: |Boo= B . o       |
[    6.607833] cloud-init[958]: |+*. = = S        |
[    6.608047] cloud-init[958]: |+ o. B .         |
[    6.608218] cloud-init[958]: |.o. . .          |
[    6.608407] cloud-init[958]: |.  .             |
[    6.608589] cloud-init[958]: |    ..E          |
[    6.608772] cloud-init[958]: +----[SHA256]-----+
[    6.608954] cloud-init[958]: Generating public/private ed25519 key pair.
[    6.609138] cloud-init[958]: Your identification has been saved in /etc/ssh/ssh_host_ed25519_key.
[    6.609322] cloud-init[958]: Your public key has been saved in /etc/ssh/ssh_host_ed25519_key.pub.
[    6.609506] cloud-init[958]: The key fingerprint is:
[    6.609692] cloud-init[958]: SHA256:wOT7owwppr/OtvhHJice42oZ3GUHXyKVdS4Xrxf36QQ root@ubuntu-xenial
[    6.609876] cloud-init[958]: The key's randomart image is:
[    6.610058] cloud-init[958]: +--[ED25519 256]--+
[    6.610242] cloud-init[958]: |      o.o. o     |
[    6.610428] cloud-init[958]: |     * o .o o    |
[    6.610734] cloud-init[958]: |      B o. o E . |
[    6.610997] cloud-init[958]: |     o =  o . + o|
[    6.611279] cloud-init[958]: |. . o o S  . . o.|
[    6.611556] cloud-init[958]: | o=.+. .    . o  |
[    6.611838] cloud-init[958]: | o=Oo   o      . |
[    6.612222] cloud-init[958]: | B+..o . .       |
[    6.612499] cloud-init[958]: |=*B+  o          |
[    6.612779] cloud-init[958]: +----[SHA256]-----+
         Starting iSCSI initiator daemon (iscsid)...
[[0;32m  OK  [0m] Reached target Cloud-config availability.
[[0;32m  OK  [0m] Reached target System Initialization.
[[0;32m  OK  [0m] Started Daily apt download activities.
         Starting LXD - unix socket.
[[0;32m  OK  [0m] Started Ubuntu Advantage update messaging.
[[0;32m  OK  [0m] Started Daily apt upgrade and clean activities.
         Starting Socket activation for snappy daemon.
[[0;32m  OK  [0m] Started Message of the Day.
[[0;32m  OK  [0m] Started ACPI Events Check.
[[0;32m  OK  [0m] Reached target Paths.
[[0;32m  OK  [0m] Listening on ACPID Listen Socket.
[[0;32m  OK  [0m] Started Daily Cleanup of Temporary Directories.
[[0;32m  OK  [0m] Listening on D-Bus System Message Bus Socket.
[[0;32m  OK  [0m] Reached target Timers.
[[0;32m  OK  [0m] Listening on UUID daemon activation socket.
[[0;32m  OK  [0m] Listening on LXD - unix socket.
[[0;32m  OK  [0m] Listening on Socket activation for snappy daemon.
[[0;32m  OK  [0m] Reached target Sockets.
[[0;32m  OK  [0m] Reached target Basic System.
[[0;32m  OK  [0m] Started Deferred execution scheduler.
         Starting LSB: Record successful boot for GRUB...
         Starting Accounts Service...
[[0;32m  OK  [0m] Started D-Bus System Message Bus.
         Starting System Logging Service...
[[0;32m  OK  [0m] Started FUSE filesystem for LXC.
         Starting /etc/rc.local Compatibility...
         Starting Virtualbox guest utils...
[[0;32m  OK  [0m] Started ACPI event daemon.
         Starting LXD - container startup/shutdown...
         Starting LSB: MD monitoring daemon...
[[0;32m  OK  [0m] Started Regular background program processing daemon.
         Starting Pollinate to seed the pseudo random number generator...
         Starting Snap Daemon...
         Starting Login Service...
[[0;32m  OK  [0m] Started System Logging Service.
[[0;32m  OK  [0m] Started iSCSI initiator daemon (iscsid).
[[0;32m  OK  [0m] Started /etc/rc.local Compatibility.
         Starting Authenticate and Authorize Users to Run Privileged Tasks...
         Starting Login to default iSCSI targets...
[[0;32m  OK  [0m] Started LSB: Record successful boot for GRUB.
[[0;32m  OK  [0m] Started Login Service.
[[0;32m  OK  [0m] Started Unattended Upgrades Shutdown.
[[0;32m  OK  [0m] Started LXD - container startup/shutdown.
[[0;32m  OK  [0m] Started Login to default iSCSI targets.
[[0;32m  OK  [0m] Started Authenticate and Authorize Users to Run Privileged Tasks.
[[0;32m  OK  [0m] Started Accounts Service.
[[0;32m  OK  [0m] Reached target Remote File Systems (Pre).
[[0;32m  OK  [0m] Reached target Remote File Systems.
         Starting LSB: daemon to balance interrupts for SMP systems...
         Starting Permit User Sessions...
         Starting LSB: Set the CPU Frequency Scaling governor to "ondemand"...
         Starting LSB: automatic crash report generation...
[[0;32m  OK  [0m] Started Permit User Sessions.
         Starting Hold until boot process finishes up...
         Starting Terminate Plymouth Boot Screen...
[[0;32m  OK  [0m] Started Hold until boot process finishes up.
[[0;32m  OK  [0m] Started Getty on tty1.
[[0;32m  OK  [0m] Started Serial Getty on ttyS0.
[[0;32m  OK  [0m] Reached target Login Prompts.
         Starting Set console scheme...
[[0;32m  OK  [0m] Started LSB: MD monitoring daemon.
[[0;32m  OK  [0m] Started LSB: daemon to balance interrupts for SMP systems.
[[0;32m  OK  [0m] Started LSB: automatic crash report generation.
[[0;32m  OK  [0m] Started Virtualbox guest utils.
[[0;32m  OK  [0m] Started Terminate Plymouth Boot Screen.
[[0;32m  OK  [0m] Started Set console scheme.
[[0;32m  OK  [0m] Started LSB: Set the CPU Frequency Scaling governor to "ondemand".
[[0;32m  OK  [0m] Started Snap Daemon.
         Starting Wait until snapd is fully seeded...
[[0;32m  OK  [0m] Started Pollinate to seed the pseudo random number generator.
         Starting OpenBSD Secure Shell server...
[[0;32m  OK  [0m] Started OpenBSD Secure Shell server.
[[0;32m  OK  [0m] Started Wait until snapd is fully seeded.
         Starting Apply the settings specified in cloud-config...
[[0;32m  OK  [0m] Reached target Multi-User System.
[[0;32m  OK  [0m] Reached target Graphical Interface.
         Starting Update UTMP about System Runlevel Changes...
[[0;32m  OK  [0m] Started Update UTMP about System Runlevel Changes.
[   11.343355] cloud-init[1296]: Generating locales (this might take a while)...
[   11.868629] cloud-init[1296]:   en_US.UTF-8... done
[   11.869248] cloud-init[1296]: Generation complete.
[   12.067808] cloud-init[1296]: Cloud-init v. 21.1-19-gbad84ad4-0ubuntu1~16.04.2 running 'modules:config' at Tue, 28 May 2024 12:22:28 +0000. Up 11.27 seconds.
ci-info: no authorized SSH keys fingerprints found for user ubuntu.
<14>May 28 12:22:29 ec2: 
<14>May 28 12:22:29 ec2: #############################################################
<14>May 28 12:22:29 ec2: -----BEGIN SSH HOST KEY FINGERPRINTS-----
<14>May 28 12:22:29 ec2: 1024 SHA256:RfSN8OxkB48fYrkTUtEclt9RMJa03hFBE5zbdhJnzKs root@ubuntu-xenial (DSA)
<14>May 28 12:22:29 ec2: 256 SHA256:sSB72jQmNAWAahdlOAYq7gLEzhO7EPVEodcJe8a4rP8 root@ubuntu-xenial (ECDSA)
<14>May 28 12:22:29 ec2: 256 SHA256:wOT7owwppr/OtvhHJice42oZ3GUHXyKVdS4Xrxf36QQ root@ubuntu-xenial (ED25519)
<14>May 28 12:22:29 ec2: 2048 SHA256:C/PF5Fta300k33Q/gE2NAuG8tUuvhlrk3ItvIH9+aec root@ubuntu-xenial (RSA)
<14>May 28 12:22:29 ec2: -----END SSH HOST KEY FINGERPRINTS-----
<14>May 28 12:22:29 ec2: #############################################################
-----BEGIN SSH HOST KEY KEYS-----
ecdsa-sha2-nistp256 AAAAE2VjZHNhLXNoYTItbmlzdHAyNTYAAAAIbmlzdHAyNTYAAABBBH7vKjgqt5MFivhkVAjyicW18ibWGuz7POuTJr4CURrGtEKTSXzjwczKAy8iFKLwm5XX9+7hSp8yfJwnvnk1p/8= root@ubuntu-xenial
ssh-ed25519 AAAAC3NzaC1lZDI1NTE5AAAAIN/RY8t9FyxgeqiR6DuZcBjU7Qes5BhOQerIIP1tZEIl root@ubuntu-xenial
ssh-rsa AAAAB3NzaC1yc2EAAAADAQABAAABAQC/mPJu7kiyu7N/B5AhtCIp/GXAhFjNHu4Fdmvi7h0m3qz+ERC6n+GIM/bMzrErF4USv9eF8krPSAdWYP7DsiMnRP5MULxTcDDJ1D6peJJtKZT70ml4g1lo3Yq5TJ0Edq9lMoZbBRA0HsI1FrJ0ewi2bfO3JOcHodtsfoSclAfTX9GLfNPtIEedwvAGO8fQLxZ77N29oMkYdOXMlfC5TbP9146Tz/CRwHk/Wje5+81Upq7c9PUwbTAbs3zQgnv/SCm1dr31mxcWccJrv1MuPUBFj6RDBFzkQqW6hjF2PRuLjdOIf6sL9Ym9oOHcxJkEUr6vXpRxhrigx3psnPIXVCzn root@ubuntu-xenial
-----END SSH HOST KEY KEYS-----
[   12.434774] cloud-init[1345]: Cloud-init v. 21.1-19-gbad84ad4-0ubuntu1~16.04.2 running 'modules:final' at Tue, 28 May 2024 12:22:29 +0000. Up 12.31 seconds.
[   12.436257] cloud-init[1345]: ci-info: no authorized SSH keys fingerprints found for user ubuntu.
[   12.437128] cloud-init[1345]: Cloud-init v. 21.1-19-gbad84ad4-0ubuntu1~16.04.2 finished at Tue, 28 May 2024 12:22:29 +0000. Datasource DataSourceNoCloud [seed=/dev/sdb][dsmode=net].  Up 12.42 seconds

Ubuntu 16.04.7 LTS ubuntu-xenial ttyS0

ubuntu-xenial login: 